This file contains any messages produced by compilers while
running configure, to aid debugging if configure makes a mistake.

It was created by LiDIA configure 2.3.0+latte-patches-2014-10-04, which was
generated by GNU Autoconf 2.69.  Invocation command line was

  $ ./configure --with-arithmetic=gmp --disable-nf --disable-ec --disable-eco --disable-gec --with-extra-includes=/Users/nikita/Desktop/Diploma_Project/latte-integrale-1.7.4/dest/include --with-extra-libs=/Users/nikita/Desktop/Diploma_Project/latte-integrale-1.7.4/dest/lib --prefix=/Users/nikita/Desktop/Diploma_Project/latte-integrale-1.7.4/dest --disable-shared --disable-option-checking --prefix=/Users/nikita/Desktop/Diploma_Project/latte-integrale-1.7.4/dest

## --------- ##
## Platform. ##
## --------- ##

hostname = MacBook-Pro-Nikita.local
uname -m = x86_64
uname -r = 22.3.0
uname -s = Darwin
uname -v = Darwin Kernel Version 22.3.0: Mon Jan 30 20:42:11 PST 2023; root:xnu-8792.81.3~2/RELEASE_X86_64

/usr/bin/uname -p = i386
/bin/uname -X     = unknown

/bin/arch              = unknown
/usr/bin/arch -k       = unknown
/usr/convex/getsysinfo = unknown
/usr/bin/hostinfo      = Mach kernel version:
	 Darwin Kernel Version 22.3.0: Mon Jan 30 20:42:11 PST 2023; root:xnu-8792.81.3~2/RELEASE_X86_64
Kernel configured for up to 8 processors.
4 processors are physically available.
8 processors are logically available.
Processor type: x86_64h (Intel x86-64h Haswell)
Processors active: 0 1 2 3 4 5 6 7
Primary memory available: 8.00 gigabytes
Default processor set: 541 tasks, 2148 threads, 8 processors
Load average: 4.52, Mach factor: 4.20
/bin/machine           = unknown
/usr/bin/oslevel       = unknown
/bin/universe          = unknown

PATH: /Users/nikita/Desktop/Diploma_Project/latte-integrale-1.7.4/dest/bin
PATH: /Users/nikita/opt/anaconda3/bin
PATH: /Users/nikita/opt/anaconda3/condabin
PATH: /Users/nikita/.cargo/bin
PATH: /usr/local/opt/ruby/bin
PATH: /Library/Frameworks/Python.framework/Versions/3.7/bin
PATH: /usr/local/bin
PATH: /usr/bin
PATH: /bin
PATH: /usr/sbin
PATH: /sbin
PATH: /usr/.local/bin
PATH: /Library/TeX/texbin
PATH: /opt/X11/bin
PATH: /Library/Apple/usr/bin
PATH: /Users/nikita/Library/Android/sdk/emulator
PATH: /Users/nikita/Library/Android/sdk/tools
PATH: /Users/nikita/Library/Android/sdk/tools/bin
PATH: /Users/nikita/Library/Android/sdk/platform-tools
PATH: /Users/nikita/.local/bin
PATH: /Users/nikita/.rvm/bin


## ----------- ##
## Core tests. ##
## ----------- ##

configure:2662: checking for a BSD-compatible install
configure:2730: result: /usr/local/bin/ginstall -c
configure:2741: checking whether build environment is sane
configure:2796: result: yes
configure:2834: WARNING: 'missing' script is too old or missing
configure:2947: checking for a thread-safe mkdir -p
configure:2986: result: /usr/local/bin/gmkdir -p
configure:2993: checking for gawk
configure:3023: result: no
configure:2993: checking for mawk
configure:3023: result: no
configure:2993: checking for nawk
configure:3023: result: no
configure:2993: checking for awk
configure:3009: found /usr/bin/awk
configure:3020: result: awk
configure:3031: checking whether /Applications/Xcode.app/Contents/Developer/usr/bin/make sets $(MAKE)
configure:3053: result: yes
configure:3082: checking whether /Applications/Xcode.app/Contents/Developer/usr/bin/make supports nested variables
configure:3099: result: yes
configure:3188: checking whether UID '501' is supported by ustar format
configure:3191: result: yes
configure:3198: checking whether GID '20' is supported by ustar format
configure:3201: result: yes
configure:3209: checking how to create a ustar tar archive
configure:3220: tar --version
bsdtar 3.5.3 - libarchive 3.5.3 zlib/1.2.11 liblzma/5.0.5 bz2lib/1.0.8 
configure:3223: $? = 0
configure:3263: tardir=conftest.dir && eval tar --format=ustar -chf - "$tardir" >conftest.tar
configure:3266: $? = 0
configure:3270: tar -xf - <conftest.tar
configure:3273: $? = 0
configure:3275: cat conftest.dir/file
GrepMe
configure:3278: $? = 0
configure:3291: result: gnutar
configure:3450: checking for gcc
configure:3477: result: gcc
configure:3706: checking for C compiler version
configure:3715: gcc --version >&5
Apple clang version 12.0.0 (clang-1200.0.32.21)
Target: x86_64-apple-darwin22.3.0
Thread model: posix
InstalledDir: /Applications/Xcode.app/Contents/Developer/Toolchains/XcodeDefault.xctoolchain/usr/bin
Configured with: --prefix=/Applications/Xcode.app/Contents/Developer/usr --with-gxx-include-dir=/Applications/Xcode.app/Contents/Developer/Platforms/MacOSX.platform/Developer/SDKs/MacOSX.sdk/usr/include/c++/4.2.1
configure:3726: $? = 0
configure:3715: gcc -v >&5
Configured with: --prefix=/Applications/Xcode.app/Contents/Developer/usr --with-gxx-include-dir=/Applications/Xcode.app/Contents/Developer/Platforms/MacOSX.platform/Developer/SDKs/MacOSX.sdk/usr/include/c++/4.2.1
Apple clang version 12.0.0 (clang-1200.0.32.21)
Target: x86_64-apple-darwin22.3.0
Thread model: posix
InstalledDir: /Applications/Xcode.app/Contents/Developer/Toolchains/XcodeDefault.xctoolchain/usr/bin
configure:3726: $? = 0
configure:3715: gcc -V >&5
clang: error: argument to '-V' is missing (expected 1 value)
clang: error: no input files
configure:3726: $? = 1
configure:3715: gcc -qversion >&5
clang: error: unknown argument '-qversion'; did you mean '--version'?
clang: error: no input files
configure:3726: $? = 1
configure:3746: checking whether the C compiler works
configure:3768: gcc -g -O2   conftest.c  >&5
configure:3772: $? = 0
configure:3820: result: yes
configure:3823: checking for C compiler default output file name
configure:3825: result: a.out
configure:3831: checking for suffix of executables
configure:3838: gcc -o conftest -g -O2   conftest.c  >&5
configure:3842: $? = 0
configure:3864: result: 
configure:3886: checking whether we are cross compiling
configure:3894: gcc -o conftest -g -O2   conftest.c  >&5
configure:3898: $? = 0
configure:3905: ./conftest
configure:3909: $? = 0
configure:3924: result: no
configure:3929: checking for suffix of object files
configure:3951: gcc -c -g -O2  conftest.c >&5
configure:3955: $? = 0
configure:3976: result: o
configure:3980: checking whether we are using the GNU C compiler
configure:3999: gcc -c -g -O2  conftest.c >&5
configure:3999: $? = 0
configure:4008: result: yes
configure:4017: checking whether gcc accepts -g
configure:4037: gcc -c -g  conftest.c >&5
configure:4037: $? = 0
configure:4078: result: yes
configure:4095: checking for gcc option to accept ISO C89
configure:4158: gcc  -c -g -O2  conftest.c >&5
configure:4158: $? = 0
configure:4171: result: none needed
configure:4202: checking for style of include used by /Applications/Xcode.app/Contents/Developer/usr/bin/make
configure:4230: result: GNU
configure:4256: checking dependency style of gcc
configure:4367: result: gcc3
configure:4513: checking for C++ compiler version
configure:4522: g++ --version >&5
Apple clang version 12.0.0 (clang-1200.0.32.21)
Target: x86_64-apple-darwin22.3.0
Thread model: posix
InstalledDir: /Applications/Xcode.app/Contents/Developer/Toolchains/XcodeDefault.xctoolchain/usr/bin
Configured with: --prefix=/Applications/Xcode.app/Contents/Developer/usr --with-gxx-include-dir=/Applications/Xcode.app/Contents/Developer/Platforms/MacOSX.platform/Developer/SDKs/MacOSX.sdk/usr/include/c++/4.2.1
configure:4533: $? = 0
configure:4522: g++ -v >&5
Configured with: --prefix=/Applications/Xcode.app/Contents/Developer/usr --with-gxx-include-dir=/Applications/Xcode.app/Contents/Developer/Platforms/MacOSX.platform/Developer/SDKs/MacOSX.sdk/usr/include/c++/4.2.1
Apple clang version 12.0.0 (clang-1200.0.32.21)
Target: x86_64-apple-darwin22.3.0
Thread model: posix
InstalledDir: /Applications/Xcode.app/Contents/Developer/Toolchains/XcodeDefault.xctoolchain/usr/bin
configure:4533: $? = 0
configure:4522: g++ -V >&5
clang: error: argument to '-V' is missing (expected 1 value)
clang: error: no input files
configure:4533: $? = 1
configure:4522: g++ -qversion >&5
clang: error: unknown argument '-qversion'; did you mean '--version'?
clang: error: no input files
configure:4533: $? = 1
configure:4537: checking whether we are using the GNU C++ compiler
configure:4556: g++ -c -O3  conftest.cpp >&5
configure:4556: $? = 0
configure:4565: result: yes
configure:4574: checking whether g++ accepts -g
configure:4594: g++ -c -g  conftest.cpp >&5
configure:4594: $? = 0
configure:4635: result: yes
configure:4660: checking dependency style of g++
configure:4771: result: gcc3
configure:4814: checking how to run the C++ preprocessor
configure:4841: g++ -E  conftest.cpp
configure:4841: $? = 0
configure:4855: g++ -E  conftest.cpp
conftest.cpp:20:10: fatal error: 'ac_nonexistent.h' file not found
#include <ac_nonexistent.h>
         ^~~~~~~~~~~~~~~~~~
1 error generated.
configure:4855: $? = 1
configure: failed program was:
| /* confdefs.h */
| #define PACKAGE_NAME "LiDIA"
| #define PACKAGE_TARNAME "lidia"
| #define PACKAGE_VERSION "2.3.0+latte-patches-2014-10-04"
| #define PACKAGE_STRING "LiDIA 2.3.0+latte-patches-2014-10-04"
| #define PACKAGE_BUGREPORT "lidia@cdc.informatik.tu-darmstadt.de"
| #define PACKAGE_URL ""
| #define PACKAGE "lidia"
| #define VERSION "2.3.0+latte-patches-2014-10-04"
| #define LIDIA_MAJOR_VERSION 2
| #define LIDIA_MINOR_VERSION 3
| #define LIDIA_PATCH_VERSION 0
| #define LIDIA_GF2N_DB "/Users/nikita/Desktop/Diploma_Project/latte-integrale-1.7.4/dest/share/lidia/GF2n.database"
| #define LIDIA_PRIMELIST_NAME "/Users/nikita/Desktop/Diploma_Project/latte-integrale-1.7.4/dest/share/lidia/LIDIA_PRIMES"
| #define LIDIA_ECO_DB "/Users/nikita/Desktop/Diploma_Project/latte-integrale-1.7.4/dest/share/lidia/MOD_EQ"
| #define LIDIA_ECO2_DB "/Users/nikita/Desktop/Diploma_Project/latte-integrale-1.7.4/dest/share/lidia/MOD_EQ_2"
| #define LIDIA_DISCRIMINANTS_DB "/Users/nikita/Desktop/Diploma_Project/latte-integrale-1.7.4/dest/share/lidia/Discriminants"
| #define LIDIA_PRIME_DIFFS "/Users/nikita/Desktop/Diploma_Project/latte-integrale-1.7.4/dest/share/lidia/LIDIA_PRIME_DIFFS"
| /* end confdefs.h.  */
| #include <ac_nonexistent.h>
configure:4880: result: g++ -E
configure:4900: g++ -E  conftest.cpp
configure:4900: $? = 0
configure:4914: g++ -E  conftest.cpp
conftest.cpp:20:10: fatal error: 'ac_nonexistent.h' file not found
#include <ac_nonexistent.h>
         ^~~~~~~~~~~~~~~~~~
1 error generated.
configure:4914: $? = 1
configure: failed program was:
| /* confdefs.h */
| #define PACKAGE_NAME "LiDIA"
| #define PACKAGE_TARNAME "lidia"
| #define PACKAGE_VERSION "2.3.0+latte-patches-2014-10-04"
| #define PACKAGE_STRING "LiDIA 2.3.0+latte-patches-2014-10-04"
| #define PACKAGE_BUGREPORT "lidia@cdc.informatik.tu-darmstadt.de"
| #define PACKAGE_URL ""
| #define PACKAGE "lidia"
| #define VERSION "2.3.0+latte-patches-2014-10-04"
| #define LIDIA_MAJOR_VERSION 2
| #define LIDIA_MINOR_VERSION 3
| #define LIDIA_PATCH_VERSION 0
| #define LIDIA_GF2N_DB "/Users/nikita/Desktop/Diploma_Project/latte-integrale-1.7.4/dest/share/lidia/GF2n.database"
| #define LIDIA_PRIMELIST_NAME "/Users/nikita/Desktop/Diploma_Project/latte-integrale-1.7.4/dest/share/lidia/LIDIA_PRIMES"
| #define LIDIA_ECO_DB "/Users/nikita/Desktop/Diploma_Project/latte-integrale-1.7.4/dest/share/lidia/MOD_EQ"
| #define LIDIA_ECO2_DB "/Users/nikita/Desktop/Diploma_Project/latte-integrale-1.7.4/dest/share/lidia/MOD_EQ_2"
| #define LIDIA_DISCRIMINANTS_DB "/Users/nikita/Desktop/Diploma_Project/latte-integrale-1.7.4/dest/share/lidia/Discriminants"
| #define LIDIA_PRIME_DIFFS "/Users/nikita/Desktop/Diploma_Project/latte-integrale-1.7.4/dest/share/lidia/LIDIA_PRIME_DIFFS"
| /* end confdefs.h.  */
| #include <ac_nonexistent.h>
configure:4949: checking for type bool
configure:4964: g++ -c conftest.C
configure:4967: $? = 0
configure:4976: result: yes
configure:4980: checking for ISO C++ inline
configure:4998: g++ -c conftest.C
configure:5001: $? = 0
configure:5010: result: yes
configure:5014: checking for ISO C++ casting
configure:5033: g++ -c conftest.C
configure:5036: $? = 0
configure:5045: result: yes
configure:5049: checking for explicit constructors by ISO C++
configure:5068: g++ -c conftest.C
configure:5071: $? = 0
configure:5080: result: yes
configure:5084: checking for mutable class members by ISO C++
configure:5112: g++ -c conftest.C
configure:5115: $? = 0
configure:5124: result: yes
configure:5128: checking for working template<>
configure:5139: g++ -c conftest.C
configure:5142: $? = 0
configure:5151: result: yes
configure:5155: checking for explicit template instantiation by ISO C++
configure:5167: g++ -c conftest.C
configure:5170: $? = 0
configure:5179: result: yes
configure:5268: checking for ISO C++ namespaces
configure:5325: g++ -o conftest conftest.C
configure:5328: $? = 0
configure:5336: result: yes
configure:5417: checking build system type
configure:5431: result: i386-apple-darwin22.3.0
configure:5451: checking host system type
configure:5464: result: i386-apple-darwin22.3.0
configure:5505: checking how to print strings
configure:5532: result: printf
configure:5553: checking for a sed that does not truncate output
configure:5617: result: /usr/bin/sed
configure:5635: checking for grep that handles long lines and -e
configure:5693: result: /usr/bin/grep
configure:5698: checking for egrep
configure:5760: result: /usr/bin/grep -E
configure:5765: checking for fgrep
configure:5827: result: /usr/bin/grep -F
configure:5862: checking for ld used by g++
configure:5929: result: /Applications/Xcode.app/Contents/Developer/Toolchains/XcodeDefault.xctoolchain/usr/bin/ld
configure:5936: checking if the linker (/Applications/Xcode.app/Contents/Developer/Toolchains/XcodeDefault.xctoolchain/usr/bin/ld) is GNU ld
configure:5951: result: no
configure:5963: checking for BSD- or MS-compatible name lister (nm)
configure:6012: result: /usr/bin/nm -B
configure:6142: checking the name lister (/usr/bin/nm -B) interface
configure:6149: g++ -c -O3  conftest.c >&5
clang: warning: treating 'c' input as 'c++' when in C++ mode, this behavior is deprecated [-Wdeprecated]
configure:6152: /usr/bin/nm -B "conftest.o"
configure:6155: output
0000000000000000 S _some_variable
configure:6162: result: BSD nm
configure:6165: checking whether ln -s works
configure:6169: result: yes
configure:6177: checking the maximum length of command line arguments
configure:6307: result: 786432
configure:6324: checking whether the shell understands some XSI constructs
configure:6334: result: yes
configure:6338: checking whether the shell understands "+="
configure:6344: result: yes
configure:6379: checking how to convert i386-apple-darwin22.3.0 file names to i386-apple-darwin22.3.0 format
configure:6419: result: func_convert_file_noop
configure:6426: checking how to convert i386-apple-darwin22.3.0 file names to toolchain format
configure:6446: result: func_convert_file_noop
configure:6453: checking for /Applications/Xcode.app/Contents/Developer/Toolchains/XcodeDefault.xctoolchain/usr/bin/ld option to reload object files
configure:6460: result: -r
configure:6534: checking for objdump
configure:6550: found /usr/bin/objdump
configure:6561: result: objdump
configure:6593: checking how to recognize dependent libraries
configure:6795: result: pass_all
configure:6880: checking for dlltool
configure:6910: result: no
configure:6940: checking how to associate runtime and link libraries
configure:6967: result: printf %s\n
configure:7028: checking for ar
configure:7044: found /Users/nikita/opt/anaconda3/bin/ar
configure:7055: result: ar
configure:7092: checking for archiver @FILE support
configure:7109: g++ -c -O3  conftest.c >&5
clang: warning: treating 'c' input as 'c++' when in C++ mode, this behavior is deprecated [-Wdeprecated]
configure:7109: $? = 0
configure:7112: ar cru libconftest.a @conftest.lst >&5
ar: @conftest.lst: No such file or directory
configure:7115: $? = 1
configure:7135: result: no
configure:7193: checking for strip
configure:7209: found /Users/nikita/opt/anaconda3/bin/strip
configure:7220: result: strip
configure:7292: checking for ranlib
configure:7308: found /Users/nikita/opt/anaconda3/bin/ranlib
configure:7319: result: ranlib
configure:7421: checking command to parse /usr/bin/nm -B output from g++ object
configure:7541: g++ -c -O3  conftest.c >&5
clang: warning: treating 'c' input as 'c++' when in C++ mode, this behavior is deprecated [-Wdeprecated]
configure:7544: $? = 0
configure:7548: /usr/bin/nm -B conftest.o \| sed -n -e 's/^.*[ ]\([BCDEGRST][BCDEGRST]*\)[ ][ ]*\([_A-Za-z][_A-Za-z0-9]*\)$/\1 \2 \2/p' | sed '/ __gnu_lto/d' \> conftest.nm
configure:7551: $? = 0
cannot find nm_test_var in conftest.nm
configure:7541: g++ -c -O3  conftest.c >&5
clang: warning: treating 'c' input as 'c++' when in C++ mode, this behavior is deprecated [-Wdeprecated]
configure:7544: $? = 0
configure:7548: /usr/bin/nm -B conftest.o \| sed -n -e 's/^.*[ ]\([BCDEGRST][BCDEGRST]*\)[ ][ ]*_\([_A-Za-z][_A-Za-z0-9]*\)$/\1 _\2 \2/p' | sed '/ __gnu_lto/d' \> conftest.nm
configure:7551: $? = 0
configure:7617: g++ -o conftest -O3   conftest.c conftstm.o >&5
clang: warning: treating 'c' input as 'c++' when in C++ mode, this behavior is deprecated [-Wdeprecated]
configure:7620: $? = 0
configure:7658: result: ok
configure:7695: checking for sysroot
configure:7725: result: no
configure:7981: checking for mt
configure:8011: result: no
configure:8031: checking if : is a manifest tool
configure:8037: : '-?'
configure:8045: result: no
configure:8101: checking for dsymutil
configure:8117: found /usr/bin/dsymutil
configure:8128: result: dsymutil
configure:8193: checking for nmedit
configure:8209: found /Users/nikita/opt/anaconda3/bin/nmedit
configure:8220: result: nmedit
configure:8285: checking for lipo
configure:8301: found /Users/nikita/opt/anaconda3/bin/lipo
configure:8312: result: lipo
configure:8377: checking for otool
configure:8393: found /Users/nikita/opt/anaconda3/bin/otool
configure:8404: result: otool
configure:8469: checking for otool64
configure:8499: result: no
configure:8544: checking for -single_module linker flag
g++ -O3  -o libconftest.dylib -dynamiclib -Wl,-single_module conftest.c
configure:8577: result: yes
configure:8580: checking for -exported_symbols_list linker flag
configure:8600: g++ -o conftest -O3   -Wl,-exported_symbols_list,conftest.sym conftest.c  >&5
clang: warning: treating 'c' input as 'c++' when in C++ mode, this behavior is deprecated [-Wdeprecated]
configure:8600: $? = 0
configure:8610: result: yes
configure:8613: checking for -force_load linker flag
g++ -O3 -c -o conftest.o conftest.c
clang: warning: treating 'c' input as 'c++' when in C++ mode, this behavior is deprecated [-Wdeprecated]
ar cru libconftest.a conftest.o
ranlib libconftest.a
g++ -O3  -o conftest conftest.c -Wl,-force_load,./libconftest.a
configure:8645: result: yes
configure:8687: checking how to run the C preprocessor
configure:8718: g++ -E  conftest.c
clang: warning: treating 'c' input as 'c++' when in C++ mode, this behavior is deprecated [-Wdeprecated]
configure:8718: $? = 0
configure:8732: g++ -E  conftest.c
clang: warning: treating 'c' input as 'c++' when in C++ mode, this behavior is deprecated [-Wdeprecated]
conftest.c:21:10: fatal error: 'ac_nonexistent.h' file not found
#include <ac_nonexistent.h>
         ^~~~~~~~~~~~~~~~~~
1 error generated.
configure:8732: $? = 1
configure: failed program was:
| /* confdefs.h */
| #define PACKAGE_NAME "LiDIA"
| #define PACKAGE_TARNAME "lidia"
| #define PACKAGE_VERSION "2.3.0+latte-patches-2014-10-04"
| #define PACKAGE_STRING "LiDIA 2.3.0+latte-patches-2014-10-04"
| #define PACKAGE_BUGREPORT "lidia@cdc.informatik.tu-darmstadt.de"
| #define PACKAGE_URL ""
| #define PACKAGE "lidia"
| #define VERSION "2.3.0+latte-patches-2014-10-04"
| #define LIDIA_MAJOR_VERSION 2
| #define LIDIA_MINOR_VERSION 3
| #define LIDIA_PATCH_VERSION 0
| #define LIDIA_GF2N_DB "/Users/nikita/Desktop/Diploma_Project/latte-integrale-1.7.4/dest/share/lidia/GF2n.database"
| #define LIDIA_PRIMELIST_NAME "/Users/nikita/Desktop/Diploma_Project/latte-integrale-1.7.4/dest/share/lidia/LIDIA_PRIMES"
| #define LIDIA_ECO_DB "/Users/nikita/Desktop/Diploma_Project/latte-integrale-1.7.4/dest/share/lidia/MOD_EQ"
| #define LIDIA_ECO2_DB "/Users/nikita/Desktop/Diploma_Project/latte-integrale-1.7.4/dest/share/lidia/MOD_EQ_2"
| #define LIDIA_DISCRIMINANTS_DB "/Users/nikita/Desktop/Diploma_Project/latte-integrale-1.7.4/dest/share/lidia/Discriminants"
| #define LIDIA_PRIME_DIFFS "/Users/nikita/Desktop/Diploma_Project/latte-integrale-1.7.4/dest/share/lidia/LIDIA_PRIME_DIFFS"
| #define LIDIA_NAMESPACE 1
| /* end confdefs.h.  */
| #include <ac_nonexistent.h>
configure:8757: result: g++ -E
configure:8777: g++ -E  conftest.c
clang: warning: treating 'c' input as 'c++' when in C++ mode, this behavior is deprecated [-Wdeprecated]
configure:8777: $? = 0
configure:8791: g++ -E  conftest.c
clang: warning: treating 'c' input as 'c++' when in C++ mode, this behavior is deprecated [-Wdeprecated]
conftest.c:21:10: fatal error: 'ac_nonexistent.h' file not found
#include <ac_nonexistent.h>
         ^~~~~~~~~~~~~~~~~~
1 error generated.
configure:8791: $? = 1
configure: failed program was:
| /* confdefs.h */
| #define PACKAGE_NAME "LiDIA"
| #define PACKAGE_TARNAME "lidia"
| #define PACKAGE_VERSION "2.3.0+latte-patches-2014-10-04"
| #define PACKAGE_STRING "LiDIA 2.3.0+latte-patches-2014-10-04"
| #define PACKAGE_BUGREPORT "lidia@cdc.informatik.tu-darmstadt.de"
| #define PACKAGE_URL ""
| #define PACKAGE "lidia"
| #define VERSION "2.3.0+latte-patches-2014-10-04"
| #define LIDIA_MAJOR_VERSION 2
| #define LIDIA_MINOR_VERSION 3
| #define LIDIA_PATCH_VERSION 0
| #define LIDIA_GF2N_DB "/Users/nikita/Desktop/Diploma_Project/latte-integrale-1.7.4/dest/share/lidia/GF2n.database"
| #define LIDIA_PRIMELIST_NAME "/Users/nikita/Desktop/Diploma_Project/latte-integrale-1.7.4/dest/share/lidia/LIDIA_PRIMES"
| #define LIDIA_ECO_DB "/Users/nikita/Desktop/Diploma_Project/latte-integrale-1.7.4/dest/share/lidia/MOD_EQ"
| #define LIDIA_ECO2_DB "/Users/nikita/Desktop/Diploma_Project/latte-integrale-1.7.4/dest/share/lidia/MOD_EQ_2"
| #define LIDIA_DISCRIMINANTS_DB "/Users/nikita/Desktop/Diploma_Project/latte-integrale-1.7.4/dest/share/lidia/Discriminants"
| #define LIDIA_PRIME_DIFFS "/Users/nikita/Desktop/Diploma_Project/latte-integrale-1.7.4/dest/share/lidia/LIDIA_PRIME_DIFFS"
| #define LIDIA_NAMESPACE 1
| /* end confdefs.h.  */
| #include <ac_nonexistent.h>
configure:8820: checking for ANSI C header files
configure:8840: g++ -c -O3  conftest.c >&5
clang: warning: treating 'c' input as 'c++' when in C++ mode, this behavior is deprecated [-Wdeprecated]
configure:8840: $? = 0
clang: warning: treating 'c' input as 'c++' when in C++ mode, this behavior is deprecated [-Wdeprecated]
clang: warning: treating 'c' input as 'c++' when in C++ mode, this behavior is deprecated [-Wdeprecated]
configure:8913: g++ -o conftest -O3   conftest.c  >&5
clang: warning: treating 'c' input as 'c++' when in C++ mode, this behavior is deprecated [-Wdeprecated]
configure:8913: $? = 0
configure:8913: ./conftest
configure:8913: $? = 0
configure:8924: result: yes
configure:8937: checking for sys/types.h
configure:8937: g++ -c -O3  conftest.c >&5
clang: warning: treating 'c' input as 'c++' when in C++ mode, this behavior is deprecated [-Wdeprecated]
configure:8937: $? = 0
configure:8937: result: yes
configure:8937: checking for sys/stat.h
configure:8937: g++ -c -O3  conftest.c >&5
clang: warning: treating 'c' input as 'c++' when in C++ mode, this behavior is deprecated [-Wdeprecated]
configure:8937: $? = 0
configure:8937: result: yes
configure:8937: checking for stdlib.h
configure:8937: g++ -c -O3  conftest.c >&5
clang: warning: treating 'c' input as 'c++' when in C++ mode, this behavior is deprecated [-Wdeprecated]
configure:8937: $? = 0
configure:8937: result: yes
configure:8937: checking for string.h
configure:8937: g++ -c -O3  conftest.c >&5
clang: warning: treating 'c' input as 'c++' when in C++ mode, this behavior is deprecated [-Wdeprecated]
configure:8937: $? = 0
configure:8937: result: yes
configure:8937: checking for memory.h
configure:8937: g++ -c -O3  conftest.c >&5
clang: warning: treating 'c' input as 'c++' when in C++ mode, this behavior is deprecated [-Wdeprecated]
configure:8937: $? = 0
configure:8937: result: yes
configure:8937: checking for strings.h
configure:8937: g++ -c -O3  conftest.c >&5
clang: warning: treating 'c' input as 'c++' when in C++ mode, this behavior is deprecated [-Wdeprecated]
configure:8937: $? = 0
configure:8937: result: yes
configure:8937: checking for inttypes.h
configure:8937: g++ -c -O3  conftest.c >&5
clang: warning: treating 'c' input as 'c++' when in C++ mode, this behavior is deprecated [-Wdeprecated]
configure:8937: $? = 0
configure:8937: result: yes
configure:8937: checking for stdint.h
configure:8937: g++ -c -O3  conftest.c >&5
clang: warning: treating 'c' input as 'c++' when in C++ mode, this behavior is deprecated [-Wdeprecated]
configure:8937: $? = 0
configure:8937: result: yes
configure:8937: checking for unistd.h
configure:8937: g++ -c -O3  conftest.c >&5
clang: warning: treating 'c' input as 'c++' when in C++ mode, this behavior is deprecated [-Wdeprecated]
configure:8937: $? = 0
configure:8937: result: yes
configure:8951: checking for dlfcn.h
configure:8951: g++ -c -O3  conftest.c >&5
clang: warning: treating 'c' input as 'c++' when in C++ mode, this behavior is deprecated [-Wdeprecated]
configure:8951: $? = 0
configure:8951: result: yes
configure:9138: checking for objdir
configure:9153: result: .libs
configure:9420: checking if g++ supports -fno-rtti -fno-exceptions
configure:9438: g++ -c -O3  -fno-rtti -fno-exceptions conftest.c >&5
clang: warning: treating 'c' input as 'c++' when in C++ mode, this behavior is deprecated [-Wdeprecated]
configure:9442: $? = 0
configure:9455: result: yes
configure:9782: checking for g++ option to produce PIC
configure:9789: result: -fno-common -DPIC
configure:9797: checking if g++ PIC flag -fno-common -DPIC works
configure:9815: g++ -c -O3  -fno-common -DPIC -DPIC conftest.c >&5
clang: warning: treating 'c' input as 'c++' when in C++ mode, this behavior is deprecated [-Wdeprecated]
configure:9819: $? = 0
configure:9832: result: yes
configure:9861: checking if g++ static flag -static works
configure:9889: result: no
configure:9904: checking if g++ supports -c -o file.o
configure:9925: g++ -c -O3  -o out/conftest2.o conftest.c >&5
clang: warning: treating 'c' input as 'c++' when in C++ mode, this behavior is deprecated [-Wdeprecated]
configure:9929: $? = 0
configure:9951: result: yes
configure:9959: checking if g++ supports -c -o file.o
configure:10006: result: yes
configure:10039: checking whether the g++ linker (/Applications/Xcode.app/Contents/Developer/Toolchains/XcodeDefault.xctoolchain/usr/bin/ld) supports shared libraries
configure:11192: result: yes
configure:11432: checking dynamic linker characteristics
configure:12165: result: darwin22.3.0 dyld
configure:12272: checking how to hardcode library paths into programs
configure:12297: result: immediate
configure:12837: checking whether stripping libraries is possible
configure:12851: result: yes
configure:12877: checking if libtool supports shared libraries
configure:12879: result: yes
configure:12882: checking whether to build shared libraries
configure:12903: result: no
configure:12906: checking whether to build static libraries
configure:12910: result: yes
configure:12933: checking how to run the C++ preprocessor
configure:12999: result: g++ -E
configure:13019: g++ -E  conftest.cpp
configure:13019: $? = 0
configure:13033: g++ -E  conftest.cpp
conftest.cpp:33:10: fatal error: 'ac_nonexistent.h' file not found
#include <ac_nonexistent.h>
         ^~~~~~~~~~~~~~~~~~
1 error generated.
configure:13033: $? = 1
configure: failed program was:
| /* confdefs.h */
| #define PACKAGE_NAME "LiDIA"
| #define PACKAGE_TARNAME "lidia"
| #define PACKAGE_VERSION "2.3.0+latte-patches-2014-10-04"
| #define PACKAGE_STRING "LiDIA 2.3.0+latte-patches-2014-10-04"
| #define PACKAGE_BUGREPORT "lidia@cdc.informatik.tu-darmstadt.de"
| #define PACKAGE_URL ""
| #define PACKAGE "lidia"
| #define VERSION "2.3.0+latte-patches-2014-10-04"
| #define LIDIA_MAJOR_VERSION 2
| #define LIDIA_MINOR_VERSION 3
| #define LIDIA_PATCH_VERSION 0
| #define LIDIA_GF2N_DB "/Users/nikita/Desktop/Diploma_Project/latte-integrale-1.7.4/dest/share/lidia/GF2n.database"
| #define LIDIA_PRIMELIST_NAME "/Users/nikita/Desktop/Diploma_Project/latte-integrale-1.7.4/dest/share/lidia/LIDIA_PRIMES"
| #define LIDIA_ECO_DB "/Users/nikita/Desktop/Diploma_Project/latte-integrale-1.7.4/dest/share/lidia/MOD_EQ"
| #define LIDIA_ECO2_DB "/Users/nikita/Desktop/Diploma_Project/latte-integrale-1.7.4/dest/share/lidia/MOD_EQ_2"
| #define LIDIA_DISCRIMINANTS_DB "/Users/nikita/Desktop/Diploma_Project/latte-integrale-1.7.4/dest/share/lidia/Discriminants"
| #define LIDIA_PRIME_DIFFS "/Users/nikita/Desktop/Diploma_Project/latte-integrale-1.7.4/dest/share/lidia/LIDIA_PRIME_DIFFS"
| #define LIDIA_NAMESPACE 1
| #define STDC_HEADERS 1
| #define HAVE_SYS_TYPES_H 1
| #define HAVE_SYS_STAT_H 1
| #define HAVE_STDLIB_H 1
| #define HAVE_STRING_H 1
| #define HAVE_MEMORY_H 1
| #define HAVE_STRINGS_H 1
| #define HAVE_INTTYPES_H 1
| #define HAVE_STDINT_H 1
| #define HAVE_UNISTD_H 1
| #define HAVE_DLFCN_H 1
| #define LT_OBJDIR ".libs/"
| /* end confdefs.h.  */
| #include <ac_nonexistent.h>
configure:13202: checking for ld used by g++
configure:13269: result: /Applications/Xcode.app/Contents/Developer/Toolchains/XcodeDefault.xctoolchain/usr/bin/ld
configure:13276: checking if the linker (/Applications/Xcode.app/Contents/Developer/Toolchains/XcodeDefault.xctoolchain/usr/bin/ld) is GNU ld
configure:13291: result: no
configure:13346: checking whether the g++ linker (/Applications/Xcode.app/Contents/Developer/Toolchains/XcodeDefault.xctoolchain/usr/bin/ld) supports shared libraries
configure:14351: result: yes
configure:14387: g++ -c -O3  conftest.cpp >&5
configure:14390: $? = 0
configure:14910: checking for g++ option to produce PIC
configure:14917: result: -fno-common -DPIC
configure:14925: checking if g++ PIC flag -fno-common -DPIC works
configure:14943: g++ -c -O3  -fno-common -DPIC -DPIC conftest.cpp >&5
configure:14947: $? = 0
configure:14960: result: yes
configure:14983: checking if g++ static flag -static works
configure:15011: result: no
configure:15023: checking if g++ supports -c -o file.o
configure:15044: g++ -c -O3  -o out/conftest2.o conftest.cpp >&5
configure:15048: $? = 0
configure:15070: result: yes
configure:15075: checking if g++ supports -c -o file.o
configure:15122: result: yes
configure:15152: checking whether the g++ linker (/Applications/Xcode.app/Contents/Developer/Toolchains/XcodeDefault.xctoolchain/usr/bin/ld) supports shared libraries
configure:15188: result: yes
configure:15329: checking dynamic linker characteristics
configure:15996: result: darwin22.3.0 dyld
configure:16049: checking how to hardcode library paths into programs
configure:16074: result: immediate
configure:16151: checking for latex
configure:16167: found /Library/TeX/texbin/latex
configure:16178: result: latex
configure:16190: checking for LaTeX 2e
configure:16210: latex conftest.tex
configure:16213: $? = 0
configure:16222: result: yes
configure:16230: checking for makeindex
configure:16246: found /Library/TeX/texbin/makeindex
configure:16258: result: makeindex
configure:16268: checking for bibtex
configure:16284: found /Library/TeX/texbin/bibtex
configure:16296: result: bibtex
configure:16306: checking for dvips
configure:16322: found /Library/TeX/texbin/dvips
configure:16334: result: dvips
configure:16344: checking for latex2html
configure:16372: result: ${SHELL} /Users/nikita/Desktop/Diploma_Project/latte-integrale-1.7.4/lidia-2.3.0+latte-patches-2014-10-04/missing latex2html
configure:16382: checking for pdflatex
configure:16398: found /Library/TeX/texbin/pdflatex
configure:16410: result: pdflatex
configure:16422: checking for texi2dvi
configure:16452: result: no
configure:16422: checking for texi2dvi4a2ps
configure:16452: result: no
configure:16475: checking for gunzip
configure:16491: found /usr/bin/gunzip
configure:16502: result: gunzip
configure:16518: checking for bunzip2
configure:16534: found /Users/nikita/opt/anaconda3/bin/bunzip2
configure:16545: result: bunzip2
configure:16592: checking for GNU MP (version >= 3.1)
configure:16623: g++ -o conftest   -I/Users/nikita/Desktop/Diploma_Project/latte-integrale-1.7.4/dest/include conftest.C  -L/Users/nikita/Desktop/Diploma_Project/latte-integrale-1.7.4/dest/lib -lgmp
ld: warning: PIE disabled. Absolute addressing (perhaps -mdynamic-no-pic) not allowed in code signed PIE, but used in ___gmpn_mul_1 from /Users/nikita/Desktop/Diploma_Project/latte-integrale-1.7.4/dest/lib/libgmp.a(mul_1.o). To fix this warning, don't compile with -mdynamic-no-pic or link with -Wl,-no_pie
configure:16626: $? = 0
configure:16635: result: yes
configure:17000: checking for ANSI C header files
configure:17104: result: yes
configure:17117: checking sys/times.h usability
configure:17117: g++ -c -O3  conftest.cpp >&5
configure:17117: $? = 0
configure:17117: result: yes
configure:17117: checking sys/times.h presence
configure:17117: g++ -E  conftest.cpp
configure:17117: $? = 0
configure:17117: result: yes
configure:17117: checking for sys/times.h
configure:17117: result: yes
configure:17117: checking for sys/stat.h
configure:17117: result: yes
configure:17117: checking for unistd.h
configure:17117: result: yes
configure:17117: checking signal.h usability
configure:17117: g++ -c -O3  conftest.cpp >&5
configure:17117: $? = 0
configure:17117: result: yes
configure:17117: checking signal.h presence
configure:17117: g++ -E  conftest.cpp
configure:17117: $? = 0
configure:17117: result: yes
configure:17117: checking for signal.h
configure:17117: result: yes
configure:17140: checking iostream usability
configure:17140: g++ -c -O3  conftest.cpp >&5
configure:17140: $? = 0
configure:17140: result: yes
configure:17140: checking iostream presence
configure:17140: g++ -E  conftest.cpp
configure:17140: $? = 0
configure:17140: result: yes
configure:17140: checking for iostream
configure:17140: result: yes
configure:17140: checking cstddef usability
configure:17140: g++ -c -O3  conftest.cpp >&5
configure:17140: $? = 0
configure:17140: result: yes
configure:17140: checking cstddef presence
configure:17140: g++ -E  conftest.cpp
configure:17140: $? = 0
configure:17140: result: yes
configure:17140: checking for cstddef
configure:17140: result: yes
configure:17140: checking cstdio usability
configure:17140: g++ -c -O3  conftest.cpp >&5
configure:17140: $? = 0
configure:17140: result: yes
configure:17140: checking cstdio presence
configure:17140: g++ -E  conftest.cpp
configure:17140: $? = 0
configure:17140: result: yes
configure:17140: checking for cstdio
configure:17140: result: yes
configure:17140: checking cstdlib usability
configure:17140: g++ -c -O3  conftest.cpp >&5
configure:17140: $? = 0
configure:17140: result: yes
configure:17140: checking cstdlib presence
configure:17140: g++ -E  conftest.cpp
configure:17140: $? = 0
configure:17140: result: yes
configure:17140: checking for cstdlib
configure:17140: result: yes
configure:17140: checking cmath usability
configure:17140: g++ -c -O3  conftest.cpp >&5
configure:17140: $? = 0
configure:17140: result: yes
configure:17140: checking cmath presence
configure:17140: g++ -E  conftest.cpp
configure:17140: $? = 0
configure:17140: result: yes
configure:17140: checking for cmath
configure:17140: result: yes
configure:17140: checking cctype usability
configure:17140: g++ -c -O3  conftest.cpp >&5
configure:17140: $? = 0
configure:17140: result: yes
configure:17140: checking cctype presence
configure:17140: g++ -E  conftest.cpp
configure:17140: $? = 0
configure:17140: result: yes
configure:17140: checking for cctype
configure:17140: result: yes
configure:17140: checking cstring usability
configure:17140: g++ -c -O3  conftest.cpp >&5
configure:17140: $? = 0
configure:17140: result: yes
configure:17140: checking cstring presence
configure:17140: g++ -E  conftest.cpp
configure:17140: $? = 0
configure:17140: result: yes
configure:17140: checking for cstring
configure:17140: result: yes
configure:17140: checking ctime usability
configure:17140: g++ -c -O3  conftest.cpp >&5
configure:17140: $? = 0
configure:17140: result: yes
configure:17140: checking ctime presence
configure:17140: g++ -E  conftest.cpp
configure:17140: $? = 0
configure:17140: result: yes
configure:17140: checking for ctime
configure:17140: result: yes
configure:17140: checking cassert usability
configure:17140: g++ -c -O3  conftest.cpp >&5
configure:17140: $? = 0
configure:17140: result: yes
configure:17140: checking cassert presence
configure:17140: g++ -E  conftest.cpp
configure:17140: $? = 0
configure:17140: result: yes
configure:17140: checking for cassert
configure:17140: result: yes
configure:17140: checking climits usability
configure:17140: g++ -c -O3  conftest.cpp >&5
configure:17140: $? = 0
configure:17140: result: yes
configure:17140: checking climits presence
configure:17140: g++ -E  conftest.cpp
configure:17140: $? = 0
configure:17140: result: yes
configure:17140: checking for climits
configure:17140: result: yes
configure:17159: checking sstream usability
configure:17159: g++ -c -O3  conftest.cpp >&5
configure:17159: $? = 0
configure:17159: result: yes
configure:17159: checking sstream presence
configure:17159: g++ -E  conftest.cpp
configure:17159: $? = 0
configure:17159: result: yes
configure:17159: checking for sstream
configure:17159: result: yes
configure:17222: checking size of short
configure:17227: g++ -o conftest -O3   conftest.cpp  -L/Users/nikita/Desktop/Diploma_Project/latte-integrale-1.7.4/dest/lib -lgmp >&5
configure:17227: $? = 0
configure:17227: ./conftest
configure:17227: $? = 0
configure:17241: result: 2
configure:17255: checking size of int
configure:17260: g++ -o conftest -O3   conftest.cpp  -L/Users/nikita/Desktop/Diploma_Project/latte-integrale-1.7.4/dest/lib -lgmp >&5
configure:17260: $? = 0
configure:17260: ./conftest
configure:17260: $? = 0
configure:17274: result: 4
configure:17288: checking size of long
configure:17293: g++ -o conftest -O3   conftest.cpp  -L/Users/nikita/Desktop/Diploma_Project/latte-integrale-1.7.4/dest/lib -lgmp >&5
configure:17293: $? = 0
configure:17293: ./conftest
configure:17293: $? = 0
configure:17307: result: 8
configure:17321: checking size of double
configure:17326: g++ -o conftest -O3   conftest.cpp  -L/Users/nikita/Desktop/Diploma_Project/latte-integrale-1.7.4/dest/lib -lgmp >&5
configure:17326: $? = 0
configure:17326: ./conftest
configure:17326: $? = 0
configure:17340: result: 8
configure:17351: checking whether byte ordering is bigendian
configure:17366: g++ -c -O3  conftest.cpp >&5
configure:17366: $? = 0
configure:17411: g++ -c -O3  conftest.cpp >&5
configure:17411: $? = 0
configure:17429: g++ -c -O3  conftest.cpp >&5
conftest.cpp:63:11: error: expected ';' after expression
                 not big endian
                        ^
                        ;
conftest.cpp:63:8: error: use of undeclared identifier 'big'
                 not big endian
                     ^
conftest.cpp:63:12: error: use of undeclared identifier 'endian'
                 not big endian
                         ^
3 errors generated.
configure:17429: $? = 1
configure: failed program was:
| /* confdefs.h */
| #define PACKAGE_NAME "LiDIA"
| #define PACKAGE_TARNAME "lidia"
| #define PACKAGE_VERSION "2.3.0+latte-patches-2014-10-04"
| #define PACKAGE_STRING "LiDIA 2.3.0+latte-patches-2014-10-04"
| #define PACKAGE_BUGREPORT "lidia@cdc.informatik.tu-darmstadt.de"
| #define PACKAGE_URL ""
| #define PACKAGE "lidia"
| #define VERSION "2.3.0+latte-patches-2014-10-04"
| #define LIDIA_MAJOR_VERSION 2
| #define LIDIA_MINOR_VERSION 3
| #define LIDIA_PATCH_VERSION 0
| #define LIDIA_GF2N_DB "/Users/nikita/Desktop/Diploma_Project/latte-integrale-1.7.4/dest/share/lidia/GF2n.database"
| #define LIDIA_PRIMELIST_NAME "/Users/nikita/Desktop/Diploma_Project/latte-integrale-1.7.4/dest/share/lidia/LIDIA_PRIMES"
| #define LIDIA_ECO_DB "/Users/nikita/Desktop/Diploma_Project/latte-integrale-1.7.4/dest/share/lidia/MOD_EQ"
| #define LIDIA_ECO2_DB "/Users/nikita/Desktop/Diploma_Project/latte-integrale-1.7.4/dest/share/lidia/MOD_EQ_2"
| #define LIDIA_DISCRIMINANTS_DB "/Users/nikita/Desktop/Diploma_Project/latte-integrale-1.7.4/dest/share/lidia/Discriminants"
| #define LIDIA_PRIME_DIFFS "/Users/nikita/Desktop/Diploma_Project/latte-integrale-1.7.4/dest/share/lidia/LIDIA_PRIME_DIFFS"
| #define LIDIA_NAMESPACE 1
| #define STDC_HEADERS 1
| #define HAVE_SYS_TYPES_H 1
| #define HAVE_SYS_STAT_H 1
| #define HAVE_STDLIB_H 1
| #define HAVE_STRING_H 1
| #define HAVE_MEMORY_H 1
| #define HAVE_STRINGS_H 1
| #define HAVE_INTTYPES_H 1
| #define HAVE_STDINT_H 1
| #define HAVE_UNISTD_H 1
| #define HAVE_DLFCN_H 1
| #define LT_OBJDIR ".libs/"
| #define HAVE_GUNZIP 1
| #define HAVE_BUNZIP2 1
| #define LIDIA_ARITHMETIC LIDIA_ARITH_GMP
| #define STDC_HEADERS 1
| #define HAVE_SYS_TIMES_H 1
| #define HAVE_SYS_STAT_H 1
| #define HAVE_UNISTD_H 1
| #define HAVE_SIGNAL_H 1
| #define HAVE_IOSTREAM 1
| #define HAVE_CSTDDEF 1
| #define HAVE_CSTDIO 1
| #define HAVE_CSTDLIB 1
| #define HAVE_CMATH 1
| #define HAVE_CCTYPE 1
| #define HAVE_CSTRING 1
| #define HAVE_CTIME 1
| #define HAVE_CASSERT 1
| #define HAVE_CLIMITS 1
| #define HAVE_SSTREAM 1
| #define SIZEOF_SHORT 2
| #define SIZEOF_INT 4
| #define SIZEOF_LONG 8
| #define SIZEOF_DOUBLE 8
| /* end confdefs.h.  */
| #include <sys/types.h>
| 		#include <sys/param.h>
| 
| int
| main ()
| {
| #if BYTE_ORDER != BIG_ENDIAN
| 		 not big endian
| 		#endif
| 
|   ;
|   return 0;
| }
configure:17557: result: no
configure:17596: checking for use of STLport
configure:17615: result: no
configure:17652: checking for random and srandom
configure:17664: g++ -o conftest conftest.C
configure:17667: $? = 0
configure:17675: result: yes
configure:17685: checking for mkstemp
configure:17700: g++ -o conftest conftest.C
configure:17703: $? = 0
configure:17711: result: yes
configure:17726: checking whether POSIX signals work
configure:17765: g++ -o conftest conftest.C
configure:17768: $? = 0
configure:17776: result: yes
configure:17784: checking whether POSIX times work
configure:17806: g++ -o conftest conftest.C
configure:17809: $? = 0
configure:17817: result: yes
configure:17825: checking whether POSIX time work
configure:17846: g++ -o conftest conftest.C
configure:17849: $? = 0
configure:17857: result: yes
configure:18067: checking whether to compile the finite fields package
configure:18077: result: yes
configure:18085: checking whether to compile the linear algebra package
configure:18099: result: yes
configure:18108: checking whether to compile the lattice package
configure:18114: result: no (not present)
configure:18131: checking whether to compile the number fields package
configure:18134: result: no
configure:18154: checking whether to compile the elliptic curve package
configure:18157: result: no
configure:18177: checking whether to compile the elliptic curve order package
configure:18180: result: no
configure:18200: checking whether to compile the elliptic curve generation package
configure:18203: result: no
configure:18373: checking that generated files are newer than configure
configure:18379: result: done
configure:18411: creating ./config.status

## ---------------------- ##
## Running config.status. ##
## ---------------------- ##

This file was extended by LiDIA config.status 2.3.0+latte-patches-2014-10-04, which was
generated by GNU Autoconf 2.69.  Invocation command line was

  CONFIG_FILES    = 
  CONFIG_HEADERS  = 
  CONFIG_LINKS    = 
  CONFIG_COMMANDS = 
  $ ./config.status 

on MacBook-Pro-Nikita.local

config.status:1231: creating LiDIA.spec
config.status:1231: creating library/base/Makefile
config.status:1231: creating examples/base/Makefile
config.status:1231: creating library/finite_fields/Makefile
config.status:1231: creating examples/finite_fields/Makefile
config.status:1231: creating library/linear_algebra/Makefile
config.status:1231: creating examples/linear_algebra/Makefile
config.status:1231: creating Makefile
config.status:1231: creating library/Makefile
config.status:1231: creating examples/Makefile
config.status:1231: creating doc/Makefile
config.status:1231: creating include/config.h
config.status:1231: creating include/LiDIA/LiDIA.h
config.status:1231: creating include/LiDIA/path.h
config.status:1472: linking src/interfaces/bigint/gmp/bigint.cc to src/base/interfaces/bigint/bigint.cc
config.status:1472: linking src/interfaces/udigit/gmp/udigit.cc to src/base/interfaces/udigit/udigit.cc
config.status:1472: linking src/interfaces/udigit/gmp/udigit_appl.cc to src/base/interfaces/udigit/udigit_appl.cc
config.status:1472: linking src/interfaces/bigint/gmp/bigint_def.h to include/LiDIA/kernel/bigint_def.h
config.status:1472: linking src/interfaces/bigint/gmp/bigint_interface.h to include/LiDIA/kernel/bigint_interface.h
config.status:1472: linking src/interfaces/udigit/gmp/udigit_def.h to include/LiDIA/kernel/udigit_def.h
config.status:1472: linking src/interfaces/udigit/gmp/udigit_interface.h to include/LiDIA/kernel/udigit_interface.h
config.status:1491: executing depfiles commands
config.status:1491: executing libtool commands

## ---------------- ##
## Cache variables. ##
## ---------------- ##

ac_cv_build=i386-apple-darwin22.3.0
ac_cv_c_bigendian=no
ac_cv_c_compiler_gnu=yes
ac_cv_cxx_compiler_gnu=yes
ac_cv_env_CCC_set=
ac_cv_env_CCC_value=
ac_cv_env_CC_set=set
ac_cv_env_CC_value=gcc
ac_cv_env_CFLAGS_set=set
ac_cv_env_CFLAGS_value='-g -O2'
ac_cv_env_CPPFLAGS_set=
ac_cv_env_CPPFLAGS_value=
ac_cv_env_CPP_set=
ac_cv_env_CPP_value=
ac_cv_env_CXXCPP_set=
ac_cv_env_CXXCPP_value=
ac_cv_env_CXXFLAGS_set=set
ac_cv_env_CXXFLAGS_value=-O3
ac_cv_env_CXX_set=set
ac_cv_env_CXX_value=g++
ac_cv_env_LDFLAGS_set=set
ac_cv_env_LDFLAGS_value=
ac_cv_env_LIBS_set=
ac_cv_env_LIBS_value=
ac_cv_env_build_alias_set=
ac_cv_env_build_alias_value=
ac_cv_env_host_alias_set=
ac_cv_env_host_alias_value=
ac_cv_env_target_alias_set=
ac_cv_env_target_alias_value=
ac_cv_header_cassert=yes
ac_cv_header_cctype=yes
ac_cv_header_climits=yes
ac_cv_header_cmath=yes
ac_cv_header_cstddef=yes
ac_cv_header_cstdio=yes
ac_cv_header_cstdlib=yes
ac_cv_header_cstring=yes
ac_cv_header_ctime=yes
ac_cv_header_dlfcn_h=yes
ac_cv_header_inttypes_h=yes
ac_cv_header_iostream=yes
ac_cv_header_memory_h=yes
ac_cv_header_signal_h=yes
ac_cv_header_sstream=yes
ac_cv_header_stdc=yes
ac_cv_header_stdint_h=yes
ac_cv_header_stdlib_h=yes
ac_cv_header_string_h=yes
ac_cv_header_strings_h=yes
ac_cv_header_sys_stat_h=yes
ac_cv_header_sys_times_h=yes
ac_cv_header_sys_types_h=yes
ac_cv_header_unistd_h=yes
ac_cv_host=i386-apple-darwin22.3.0
ac_cv_objext=o
ac_cv_path_EGREP='/usr/bin/grep -E'
ac_cv_path_FGREP='/usr/bin/grep -F'
ac_cv_path_GREP=/usr/bin/grep
ac_cv_path_SED=/usr/bin/sed
ac_cv_path_install='/usr/local/bin/ginstall -c'
ac_cv_path_mkdir=/usr/local/bin/gmkdir
ac_cv_prog_AWK=awk
ac_cv_prog_BIBTEX=bibtex
ac_cv_prog_BUNZIP2=bunzip2
ac_cv_prog_CPP='g++ -E'
ac_cv_prog_CXXCPP='g++ -E'
ac_cv_prog_DVIPS=dvips
ac_cv_prog_GUNZIP=gunzip
ac_cv_prog_LATEX2HTML='${SHELL} /Users/nikita/Desktop/Diploma_Project/latte-integrale-1.7.4/lidia-2.3.0+latte-patches-2014-10-04/missing latex2html'
ac_cv_prog_LATEX=latex
ac_cv_prog_MAKEINDEX=makeindex
ac_cv_prog_PDFLATEX=pdflatex
ac_cv_prog_ac_ct_AR=ar
ac_cv_prog_ac_ct_CC=gcc
ac_cv_prog_ac_ct_DSYMUTIL=dsymutil
ac_cv_prog_ac_ct_LIPO=lipo
ac_cv_prog_ac_ct_NMEDIT=nmedit
ac_cv_prog_ac_ct_OBJDUMP=objdump
ac_cv_prog_ac_ct_OTOOL=otool
ac_cv_prog_ac_ct_RANLIB=ranlib
ac_cv_prog_ac_ct_STRIP=strip
ac_cv_prog_cc_c89=
ac_cv_prog_cc_g=yes
ac_cv_prog_cxx_g=yes
ac_cv_prog_make__Applications_Xcode_app_Contents_Developer_usr_bin_make_set=yes
ac_cv_sizeof_double=8
ac_cv_sizeof_int=4
ac_cv_sizeof_long=8
ac_cv_sizeof_short=2
am_cv_CC_dependencies_compiler_type=gcc3
am_cv_CXX_dependencies_compiler_type=gcc3
am_cv_make_support_nested_variables=yes
am_cv_prog_tar_ustar=gnutar
lidia_cv_explicit_templates=yes
lidia_cv_func_mkstemp=yes
lidia_cv_func_random=yes
lidia_cv_gmp=yes
lidia_cv_iso_bool=yes
lidia_cv_iso_cast=yes
lidia_cv_iso_explicit=yes
lidia_cv_iso_inline=yes
lidia_cv_iso_mutable=yes
lidia_cv_iso_namespaces=yes
lidia_cv_iso_templates=yes
lidia_cv_latex2e=yes
lidia_cv_posix_signals=yes
lidia_cv_posix_time=yes
lidia_cv_posix_times=yes
lidia_cv_use_stlport=no
lt_cv_apple_cc_single_mod=yes
lt_cv_ar_at_file=no
lt_cv_deplibs_check_method=pass_all
lt_cv_file_magic_cmd='$MAGIC_CMD'
lt_cv_file_magic_test_file=
lt_cv_ld_exported_symbols_list=yes
lt_cv_ld_force_load=yes
lt_cv_ld_reload_flag=-r
lt_cv_nm_interface='BSD nm'
lt_cv_objdir=.libs
lt_cv_path_LD=/Applications/Xcode.app/Contents/Developer/Toolchains/XcodeDefault.xctoolchain/usr/bin/ld
lt_cv_path_LDCXX=/Applications/Xcode.app/Contents/Developer/Toolchains/XcodeDefault.xctoolchain/usr/bin/ld
lt_cv_path_NM='/usr/bin/nm -B'
lt_cv_path_mainfest_tool=no
lt_cv_prog_compiler_c_o=yes
lt_cv_prog_compiler_c_o_CXX=yes
lt_cv_prog_compiler_pic='-fno-common -DPIC'
lt_cv_prog_compiler_pic_CXX='-fno-common -DPIC'
lt_cv_prog_compiler_pic_works=yes
lt_cv_prog_compiler_pic_works_CXX=yes
lt_cv_prog_compiler_rtti_exceptions=yes
lt_cv_prog_compiler_static_works=no
lt_cv_prog_compiler_static_works_CXX=no
lt_cv_prog_gnu_ld=no
lt_cv_prog_gnu_ldcxx=no
lt_cv_sharedlib_from_linklib_cmd='printf %s\n'
lt_cv_sys_global_symbol_pipe='sed -n -e '\''s/^.*[	 ]\([BCDEGRST][BCDEGRST]*\)[	 ][	 ]*_\([_A-Za-z][_A-Za-z0-9]*\)$/\1 _\2 \2/p'\'' | sed '\''/ __gnu_lto/d'\'''
lt_cv_sys_global_symbol_to_c_name_address='sed -n -e '\''s/^: \([^ ]*\)[ ]*$/  {\"\1\", (void *) 0},/p'\'' -e '\''s/^[BCDEGRST]* \([^ ]*\) \([^ ]*\)$/  {"\2", (void *) \&\2},/p'\'''
lt_cv_sys_global_symbol_to_c_name_address_lib_prefix='sed -n -e '\''s/^: \([^ ]*\)[ ]*$/  {\"\1\", (void *) 0},/p'\'' -e '\''s/^[BCDEGRST]* \([^ ]*\) \(lib[^ ]*\)$/  {"\2", (void *) \&\2},/p'\'' -e '\''s/^[BCDEGRST]* \([^ ]*\) \([^ ]*\)$/  {"lib\2", (void *) \&\2},/p'\'''
lt_cv_sys_global_symbol_to_cdecl='sed -n -e '\''s/^T .* \(.*\)$/extern int \1();/p'\'' -e '\''s/^[BCDEGRST]* .* \(.*\)$/extern char \1;/p'\'''
lt_cv_sys_max_cmd_len=786432
lt_cv_to_host_file_cmd=func_convert_file_noop
lt_cv_to_tool_file_cmd=func_convert_file_noop

## ----------------- ##
## Output variables. ##
## ----------------- ##

ACLOCAL='aclocal-1.13'
AMDEPBACKSLASH='\'
AMDEP_FALSE='#'
AMDEP_TRUE=''
AMTAR='$${TAR-tar}'
AM_BACKSLASH='\'
AM_DEFAULT_V='$(AM_DEFAULT_VERBOSITY)'
AM_DEFAULT_VERBOSITY='1'
AM_V='$(V)'
AR='ar'
AUTOCONF='autoconf'
AUTOHEADER=':'
AUTOMAKE='automake-1.13'
AWK='awk'
BIBTEX='bibtex'
BUNZIP2='bunzip2'
CC='gcc'
CCDEPMODE='depmode=gcc3'
CFLAGS='-g -O2'
CPP='g++ -E'
CPPFLAGS='  -I/Users/nikita/Desktop/Diploma_Project/latte-integrale-1.7.4/dest/include'
CXX='g++'
CXXCPP='g++ -E'
CXXDEPMODE='depmode=gcc3'
CXXFLAGS='-O3'
CYGPATH_W='echo'
DEFS='-DHAVE_CONFIG_H'
DEPDIR='.deps'
DLLTOOL='false'
DSYMUTIL='dsymutil'
DUMPBIN=''
DVIPS='dvips'
ECHO_C='\c'
ECHO_N=''
ECHO_T=''
EGREP='/usr/bin/grep -E'
EXEEXT=''
FGREP='/usr/bin/grep -F'
GREP='/usr/bin/grep'
GUNZIP='gunzip'
INSTALL_DATA='${INSTALL} -m 644'
INSTALL_PROGRAM='${INSTALL}'
INSTALL_SCRIPT='${INSTALL}'
INSTALL_STRIP_PROGRAM='$(install_sh) -c -s'
LATEX2HTML='${SHELL} /Users/nikita/Desktop/Diploma_Project/latte-integrale-1.7.4/lidia-2.3.0+latte-patches-2014-10-04/missing latex2html'
LATEX='latex'
LD='/Applications/Xcode.app/Contents/Developer/Toolchains/XcodeDefault.xctoolchain/usr/bin/ld'
LDFLAGS=''
LIBOBJS=''
LIBS=' -L/Users/nikita/Desktop/Diploma_Project/latte-integrale-1.7.4/dest/lib -lgmp'
LIBTOOL='$(SHELL) $(top_builddir)/libtool'
LIDIA_BASE_XLIBOBJS=''
LIDIA_BASE_XLTLIBOBJS=''
LIDIA_LTCLIBS='${LIDIA_LA_LTCLIB} ${LIDIA_FF_LTCLIB} ${LIDIA_BASE_LTCLIB}'
LIDIA_LT_XLIBOBJS=' lattice_modules_instant.o'
LIDIA_LT_XLTLIBOBJS=' lattice_modules_instant.lo'
LIPO='lipo'
LN_S='ln -s'
LTLIBOBJS=''
MAKEINDEX='makeindex'
MAKEINFO='makeinfo'
MANIFEST_TOOL=':'
MKDIR_P='/usr/local/bin/gmkdir -p'
NM='/usr/bin/nm -B'
NMEDIT='nmedit'
OBJDUMP='objdump'
OBJEXT='o'
OTOOL64=':'
OTOOL='otool'
PACKAGE='lidia'
PACKAGE_BUGREPORT='lidia@cdc.informatik.tu-darmstadt.de'
PACKAGE_NAME='LiDIA'
PACKAGE_STRING='LiDIA 2.3.0+latte-patches-2014-10-04'
PACKAGE_TARNAME='lidia'
PACKAGE_URL=''
PACKAGE_VERSION='2.3.0+latte-patches-2014-10-04'
PATH_SEPARATOR=':'
PDFLATEX='pdflatex'
PKG_DIRS='base finite_fields linear_algebra'
RANLIB='ranlib'
SED='/usr/bin/sed'
SET_MAKE=''
SHELL='/bin/sh'
STRIP='strip'
TEXI2DVI='${SHELL} /Users/nikita/Desktop/Diploma_Project/latte-integrale-1.7.4/lidia-2.3.0+latte-patches-2014-10-04/missing texi2dvi'
VERSION='2.3.0+latte-patches-2014-10-04'
ac_ct_AR='ar'
ac_ct_CC='gcc'
ac_ct_CXX=''
ac_ct_DUMPBIN=''
am__EXEEXT_FALSE=''
am__EXEEXT_TRUE='#'
am__fastdepCC_FALSE='#'
am__fastdepCC_TRUE=''
am__fastdepCXX_FALSE='#'
am__fastdepCXX_TRUE=''
am__include='include'
am__isrc=''
am__leading_dot='.'
am__nodep='_no'
am__quote=''
am__tar='tar --format=ustar -chf - "$$tardir"'
am__untar='tar -xf -'
bindir='${exec_prefix}/bin'
build='i386-apple-darwin22.3.0'
build_alias=''
build_cpu='i386'
build_os='darwin22.3.0'
build_vendor='apple'
datadir='${datarootdir}'
datarootdir='${prefix}/share'
docdir='${datarootdir}/doc/${PACKAGE_TARNAME}'
dvidir='${docdir}'
exec_prefix='${prefix}'
host='i386-apple-darwin22.3.0'
host_alias=''
host_cpu='i386'
host_os='darwin22.3.0'
host_vendor='apple'
htmldir='${docdir}'
includedir='${prefix}/include'
infodir='${datarootdir}/info'
install_sh='${SHELL} /Users/nikita/Desktop/Diploma_Project/latte-integrale-1.7.4/lidia-2.3.0+latte-patches-2014-10-04/install-sh'
libdir='${exec_prefix}/lib'
libexecdir='${exec_prefix}/libexec'
localedir='${datarootdir}/locale'
localstatedir='${prefix}/var'
mandir='${datarootdir}/man'
mkdir_p='$(MKDIR_P)'
oldincludedir='/usr/include'
pdfdir='${docdir}'
prefix='/Users/nikita/Desktop/Diploma_Project/latte-integrale-1.7.4/dest'
program_transform_name='s,x,x,'
psdir='${docdir}'
sbindir='${exec_prefix}/sbin'
sharedstatedir='${prefix}/com'
sysconfdir='${prefix}/etc'
target_alias=''

## ----------- ##
## confdefs.h. ##
## ----------- ##

/* confdefs.h */
#define PACKAGE_NAME "LiDIA"
#define PACKAGE_TARNAME "lidia"
#define PACKAGE_VERSION "2.3.0+latte-patches-2014-10-04"
#define PACKAGE_STRING "LiDIA 2.3.0+latte-patches-2014-10-04"
#define PACKAGE_BUGREPORT "lidia@cdc.informatik.tu-darmstadt.de"
#define PACKAGE_URL ""
#define PACKAGE "lidia"
#define VERSION "2.3.0+latte-patches-2014-10-04"
#define LIDIA_MAJOR_VERSION 2
#define LIDIA_MINOR_VERSION 3
#define LIDIA_PATCH_VERSION 0
#define LIDIA_GF2N_DB "/Users/nikita/Desktop/Diploma_Project/latte-integrale-1.7.4/dest/share/lidia/GF2n.database"
#define LIDIA_PRIMELIST_NAME "/Users/nikita/Desktop/Diploma_Project/latte-integrale-1.7.4/dest/share/lidia/LIDIA_PRIMES"
#define LIDIA_ECO_DB "/Users/nikita/Desktop/Diploma_Project/latte-integrale-1.7.4/dest/share/lidia/MOD_EQ"
#define LIDIA_ECO2_DB "/Users/nikita/Desktop/Diploma_Project/latte-integrale-1.7.4/dest/share/lidia/MOD_EQ_2"
#define LIDIA_DISCRIMINANTS_DB "/Users/nikita/Desktop/Diploma_Project/latte-integrale-1.7.4/dest/share/lidia/Discriminants"
#define LIDIA_PRIME_DIFFS "/Users/nikita/Desktop/Diploma_Project/latte-integrale-1.7.4/dest/share/lidia/LIDIA_PRIME_DIFFS"
#define LIDIA_NAMESPACE 1
#define STDC_HEADERS 1
#define HAVE_SYS_TYPES_H 1
#define HAVE_SYS_STAT_H 1
#define HAVE_STDLIB_H 1
#define HAVE_STRING_H 1
#define HAVE_MEMORY_H 1
#define HAVE_STRINGS_H 1
#define HAVE_INTTYPES_H 1
#define HAVE_STDINT_H 1
#define HAVE_UNISTD_H 1
#define HAVE_DLFCN_H 1
#define LT_OBJDIR ".libs/"
#define HAVE_GUNZIP 1
#define HAVE_BUNZIP2 1
#define LIDIA_ARITHMETIC LIDIA_ARITH_GMP
#define STDC_HEADERS 1
#define HAVE_SYS_TIMES_H 1
#define HAVE_SYS_STAT_H 1
#define HAVE_UNISTD_H 1
#define HAVE_SIGNAL_H 1
#define HAVE_IOSTREAM 1
#define HAVE_CSTDDEF 1
#define HAVE_CSTDIO 1
#define HAVE_CSTDLIB 1
#define HAVE_CMATH 1
#define HAVE_CCTYPE 1
#define HAVE_CSTRING 1
#define HAVE_CTIME 1
#define HAVE_CASSERT 1
#define HAVE_CLIMITS 1
#define HAVE_SSTREAM 1
#define SIZEOF_SHORT 2
#define SIZEOF_INT 4
#define SIZEOF_LONG 8
#define SIZEOF_DOUBLE 8
#define HAVE_RANDOM 1
#define HAVE_MKSTEMP 1
#define HAVE_POSIX_SIGNALS 1
#define HAVE_POSIX_TIMES 1
#define HAVE_POSIX_TIME 1
#define INLINE_INTERFACE 1
#define LIDIA_EXCEPTIONS 1
#define NDEBUG 1

configure: exit 0
