This file contains any messages produced by compilers while
running configure, to aid debugging if configure makes a mistake.

It was created by cddlib configure 0.94f+sage-patches-p8+latte-build-patch, which was
generated by GNU Autoconf 2.68.  Invocation command line was

  $ ./configure --prefix=/Users/nikita/Desktop/Diploma_Project/latte-integrale-1.7.4/dest --disable-shared --disable-option-checking --prefix=/Users/nikita/Desktop/Diploma_Project/latte-integrale-1.7.4/dest CXX=g++ CFLAGS=-g -O2 -I/Users/nikita/Desktop/Diploma_Project/latte-integrale-1.7.4/dest/include CXXFLAGS=-O3 -I/Users/nikita/Desktop/Diploma_Project/latte-integrale-1.7.4/dest/include LDFLAGS= -L/Users/nikita/Desktop/Diploma_Project/latte-integrale-1.7.4/dest/lib

## --------- ##
## Platform. ##
## --------- ##

hostname = MacBook-Pro-Nikita.local
uname -m = x86_64
uname -r = 22.3.0
uname -s = Darwin
uname -v = Darwin Kernel Version 22.3.0: Mon Jan 30 20:42:11 PST 2023; root:xnu-8792.81.3~2/RELEASE_X86_64

/usr/bin/uname -p = i386
/bin/uname -X     = unknown

/bin/arch              = unknown
/usr/bin/arch -k       = unknown
/usr/convex/getsysinfo = unknown
/usr/bin/hostinfo      = Mach kernel version:
	 Darwin Kernel Version 22.3.0: Mon Jan 30 20:42:11 PST 2023; root:xnu-8792.81.3~2/RELEASE_X86_64
Kernel configured for up to 8 processors.
4 processors are physically available.
8 processors are logically available.
Processor type: x86_64h (Intel x86-64h Haswell)
Processors active: 0 1 2 3 4 5 6 7
Primary memory available: 8.00 gigabytes
Default processor set: 545 tasks, 2158 threads, 8 processors
Load average: 3.41, Mach factor: 4.63
/bin/machine           = unknown
/usr/bin/oslevel       = unknown
/bin/universe          = unknown

PATH: /Users/nikita/Desktop/Diploma_Project/latte-integrale-1.7.4/dest/bin
PATH: /Users/nikita/opt/anaconda3/bin
PATH: /Users/nikita/opt/anaconda3/condabin
PATH: /Users/nikita/.cargo/bin
PATH: /usr/local/opt/ruby/bin
PATH: /Library/Frameworks/Python.framework/Versions/3.7/bin
PATH: /usr/local/bin
PATH: /usr/bin
PATH: /bin
PATH: /usr/sbin
PATH: /sbin
PATH: /usr/.local/bin
PATH: /Library/TeX/texbin
PATH: /opt/X11/bin
PATH: /Library/Apple/usr/bin
PATH: /Users/nikita/Library/Android/sdk/emulator
PATH: /Users/nikita/Library/Android/sdk/tools
PATH: /Users/nikita/Library/Android/sdk/tools/bin
PATH: /Users/nikita/Library/Android/sdk/platform-tools
PATH: /Users/nikita/.local/bin
PATH: /Users/nikita/.rvm/bin


## ----------- ##
## Core tests. ##
## ----------- ##

configure:2353: checking for a BSD-compatible install
configure:2421: result: /usr/local/bin/ginstall -c
configure:2432: checking whether build environment is sane
configure:2482: result: yes
configure:2623: checking for a thread-safe mkdir -p
configure:2662: result: /usr/local/bin/gmkdir -p
configure:2675: checking for gawk
configure:2705: result: no
configure:2675: checking for mawk
configure:2705: result: no
configure:2675: checking for nawk
configure:2705: result: no
configure:2675: checking for awk
configure:2691: found /usr/bin/awk
configure:2702: result: awk
configure:2713: checking whether /Applications/Xcode.app/Contents/Developer/usr/bin/make sets $(MAKE)
configure:2735: result: yes
configure:2865: checking for gcc
configure:2892: result: gcc
configure:3121: checking for C compiler version
configure:3130: gcc --version >&5
Apple clang version 12.0.0 (clang-1200.0.32.21)
Target: x86_64-apple-darwin22.3.0
Thread model: posix
InstalledDir: /Applications/Xcode.app/Contents/Developer/Toolchains/XcodeDefault.xctoolchain/usr/bin
Configured with: --prefix=/Applications/Xcode.app/Contents/Developer/usr --with-gxx-include-dir=/Applications/Xcode.app/Contents/Developer/Platforms/MacOSX.platform/Developer/SDKs/MacOSX.sdk/usr/include/c++/4.2.1
configure:3141: $? = 0
configure:3130: gcc -v >&5
Configured with: --prefix=/Applications/Xcode.app/Contents/Developer/usr --with-gxx-include-dir=/Applications/Xcode.app/Contents/Developer/Platforms/MacOSX.platform/Developer/SDKs/MacOSX.sdk/usr/include/c++/4.2.1
Apple clang version 12.0.0 (clang-1200.0.32.21)
Target: x86_64-apple-darwin22.3.0
Thread model: posix
InstalledDir: /Applications/Xcode.app/Contents/Developer/Toolchains/XcodeDefault.xctoolchain/usr/bin
configure:3141: $? = 0
configure:3130: gcc -V >&5
clang: error: argument to '-V' is missing (expected 1 value)
clang: error: no input files
configure:3141: $? = 1
configure:3130: gcc -qversion >&5
clang: error: unknown argument '-qversion'; did you mean '--version'?
clang: error: no input files
configure:3141: $? = 1
configure:3161: checking whether the C compiler works
configure:3183: gcc -g -O2 -I/Users/nikita/Desktop/Diploma_Project/latte-integrale-1.7.4/dest/include   -L/Users/nikita/Desktop/Diploma_Project/latte-integrale-1.7.4/dest/lib conftest.c  >&5
configure:3187: $? = 0
configure:3235: result: yes
configure:3238: checking for C compiler default output file name
configure:3240: result: a.out
configure:3246: checking for suffix of executables
configure:3253: gcc -o conftest -g -O2 -I/Users/nikita/Desktop/Diploma_Project/latte-integrale-1.7.4/dest/include   -L/Users/nikita/Desktop/Diploma_Project/latte-integrale-1.7.4/dest/lib conftest.c  >&5
configure:3257: $? = 0
configure:3279: result: 
configure:3301: checking whether we are cross compiling
configure:3309: gcc -o conftest -g -O2 -I/Users/nikita/Desktop/Diploma_Project/latte-integrale-1.7.4/dest/include   -L/Users/nikita/Desktop/Diploma_Project/latte-integrale-1.7.4/dest/lib conftest.c  >&5
configure:3313: $? = 0
configure:3320: ./conftest
configure:3324: $? = 0
configure:3339: result: no
configure:3344: checking for suffix of object files
configure:3366: gcc -c -g -O2 -I/Users/nikita/Desktop/Diploma_Project/latte-integrale-1.7.4/dest/include  conftest.c >&5
configure:3370: $? = 0
configure:3391: result: o
configure:3395: checking whether we are using the GNU C compiler
configure:3414: gcc -c -g -O2 -I/Users/nikita/Desktop/Diploma_Project/latte-integrale-1.7.4/dest/include  conftest.c >&5
configure:3414: $? = 0
configure:3423: result: yes
configure:3432: checking whether gcc accepts -g
configure:3452: gcc -c -g  conftest.c >&5
configure:3452: $? = 0
configure:3493: result: yes
configure:3510: checking for gcc option to accept ISO C89
configure:3574: gcc  -c -g -O2 -I/Users/nikita/Desktop/Diploma_Project/latte-integrale-1.7.4/dest/include  conftest.c >&5
configure:3574: $? = 0
configure:3587: result: none needed
configure:3618: checking for style of include used by /Applications/Xcode.app/Contents/Developer/usr/bin/make
configure:3646: result: GNU
configure:3671: checking dependency style of gcc
configure:3781: result: gcc3
configure:3908: checking for C++ compiler version
configure:3917: g++ --version >&5
Apple clang version 12.0.0 (clang-1200.0.32.21)
Target: x86_64-apple-darwin22.3.0
Thread model: posix
InstalledDir: /Applications/Xcode.app/Contents/Developer/Toolchains/XcodeDefault.xctoolchain/usr/bin
Configured with: --prefix=/Applications/Xcode.app/Contents/Developer/usr --with-gxx-include-dir=/Applications/Xcode.app/Contents/Developer/Platforms/MacOSX.platform/Developer/SDKs/MacOSX.sdk/usr/include/c++/4.2.1
configure:3928: $? = 0
configure:3917: g++ -v >&5
Configured with: --prefix=/Applications/Xcode.app/Contents/Developer/usr --with-gxx-include-dir=/Applications/Xcode.app/Contents/Developer/Platforms/MacOSX.platform/Developer/SDKs/MacOSX.sdk/usr/include/c++/4.2.1
Apple clang version 12.0.0 (clang-1200.0.32.21)
Target: x86_64-apple-darwin22.3.0
Thread model: posix
InstalledDir: /Applications/Xcode.app/Contents/Developer/Toolchains/XcodeDefault.xctoolchain/usr/bin
configure:3928: $? = 0
configure:3917: g++ -V >&5
clang: error: argument to '-V' is missing (expected 1 value)
clang: error: no input files
configure:3928: $? = 1
configure:3917: g++ -qversion >&5
clang: error: unknown argument '-qversion'; did you mean '--version'?
clang: error: no input files
configure:3928: $? = 1
configure:3932: checking whether we are using the GNU C++ compiler
configure:3951: g++ -c -O3 -I/Users/nikita/Desktop/Diploma_Project/latte-integrale-1.7.4/dest/include  conftest.cpp >&5
configure:3951: $? = 0
configure:3960: result: yes
configure:3969: checking whether g++ accepts -g
configure:3989: g++ -c -g  conftest.cpp >&5
configure:3989: $? = 0
configure:4030: result: yes
configure:4055: checking dependency style of g++
configure:4165: result: gcc3
configure:4210: checking build system type
configure:4224: result: x86_64-apple-darwin22.3.0
configure:4244: checking host system type
configure:4257: result: x86_64-apple-darwin22.3.0
configure:4298: checking how to print strings
configure:4325: result: printf
configure:4346: checking for a sed that does not truncate output
configure:4410: result: /usr/bin/sed
configure:4428: checking for grep that handles long lines and -e
configure:4486: result: /usr/bin/grep
configure:4491: checking for egrep
configure:4553: result: /usr/bin/grep -E
configure:4558: checking for fgrep
configure:4620: result: /usr/bin/grep -F
configure:4655: checking for ld used by gcc
configure:4722: result: /Applications/Xcode.app/Contents/Developer/Toolchains/XcodeDefault.xctoolchain/usr/bin/ld
configure:4729: checking if the linker (/Applications/Xcode.app/Contents/Developer/Toolchains/XcodeDefault.xctoolchain/usr/bin/ld) is GNU ld
configure:4744: result: no
configure:4756: checking for BSD- or MS-compatible name lister (nm)
configure:4805: result: /usr/bin/nm -B
configure:4935: checking the name lister (/usr/bin/nm -B) interface
configure:4942: gcc -c -g -O2 -I/Users/nikita/Desktop/Diploma_Project/latte-integrale-1.7.4/dest/include  conftest.c >&5
configure:4945: /usr/bin/nm -B "conftest.o"
configure:4948: output
0000000000000294 S _some_variable
configure:4955: result: BSD nm
configure:4958: checking whether ln -s works
configure:4962: result: yes
configure:4970: checking the maximum length of command line arguments
configure:5095: result: 786432
configure:5112: checking whether the shell understands some XSI constructs
configure:5122: result: yes
configure:5126: checking whether the shell understands "+="
configure:5132: result: yes
configure:5167: checking how to convert x86_64-apple-darwin22.3.0 file names to x86_64-apple-darwin22.3.0 format
configure:5207: result: func_convert_file_noop
configure:5214: checking how to convert x86_64-apple-darwin22.3.0 file names to toolchain format
configure:5234: result: func_convert_file_noop
configure:5241: checking for /Applications/Xcode.app/Contents/Developer/Toolchains/XcodeDefault.xctoolchain/usr/bin/ld option to reload object files
configure:5248: result: -r
configure:5322: checking for objdump
configure:5338: found /usr/bin/objdump
configure:5349: result: objdump
configure:5381: checking how to recognize dependent libraries
configure:5583: result: pass_all
configure:5668: checking for dlltool
configure:5698: result: no
configure:5728: checking how to associate runtime and link libraries
configure:5755: result: printf %s\n
configure:5816: checking for ar
configure:5832: found /Users/nikita/opt/anaconda3/bin/ar
configure:5843: result: ar
configure:5880: checking for archiver @FILE support
configure:5897: gcc -c -g -O2 -I/Users/nikita/Desktop/Diploma_Project/latte-integrale-1.7.4/dest/include  conftest.c >&5
configure:5897: $? = 0
configure:5900: ar cru libconftest.a @conftest.lst >&5
ar: @conftest.lst: No such file or directory
configure:5903: $? = 1
configure:5923: result: no
configure:5981: checking for strip
configure:5997: found /Users/nikita/opt/anaconda3/bin/strip
configure:6008: result: strip
configure:6080: checking for ranlib
configure:6096: found /Users/nikita/opt/anaconda3/bin/ranlib
configure:6107: result: ranlib
configure:6209: checking command to parse /usr/bin/nm -B output from gcc object
configure:6328: gcc -c -g -O2 -I/Users/nikita/Desktop/Diploma_Project/latte-integrale-1.7.4/dest/include  conftest.c >&5
configure:6331: $? = 0
configure:6335: /usr/bin/nm -B conftest.o \| sed -n -e 's/^.*[ ]\([BCDEGRST][BCDEGRST]*\)[ ][ ]*\([_A-Za-z][_A-Za-z0-9]*\)$/\1 \2 \2/p' | sed '/ __gnu_lto/d' \> conftest.nm
configure:6338: $? = 0
cannot find nm_test_var in conftest.nm
configure:6328: gcc -c -g -O2 -I/Users/nikita/Desktop/Diploma_Project/latte-integrale-1.7.4/dest/include  conftest.c >&5
configure:6331: $? = 0
configure:6335: /usr/bin/nm -B conftest.o \| sed -n -e 's/^.*[ ]\([BCDEGRST][BCDEGRST]*\)[ ][ ]*_\([_A-Za-z][_A-Za-z0-9]*\)$/\1 _\2 \2/p' | sed '/ __gnu_lto/d' \> conftest.nm
configure:6338: $? = 0
configure:6404: gcc -o conftest -g -O2 -I/Users/nikita/Desktop/Diploma_Project/latte-integrale-1.7.4/dest/include   -L/Users/nikita/Desktop/Diploma_Project/latte-integrale-1.7.4/dest/lib conftest.c conftstm.o >&5
warning: (x86_64)  could not find object file symbol for symbol _main
configure:6407: $? = 0
configure:6445: result: ok
configure:6482: checking for sysroot
configure:6512: result: no
configure:6755: checking for mt
configure:6785: result: no
configure:6805: checking if : is a manifest tool
configure:6811: : '-?'
configure:6819: result: no
configure:6875: checking for dsymutil
configure:6891: found /usr/bin/dsymutil
configure:6902: result: dsymutil
configure:6967: checking for nmedit
configure:6983: found /Users/nikita/opt/anaconda3/bin/nmedit
configure:6994: result: nmedit
configure:7059: checking for lipo
configure:7075: found /Users/nikita/opt/anaconda3/bin/lipo
configure:7086: result: lipo
configure:7151: checking for otool
configure:7167: found /Users/nikita/opt/anaconda3/bin/otool
configure:7178: result: otool
configure:7243: checking for otool64
configure:7273: result: no
configure:7318: checking for -single_module linker flag
gcc -g -O2 -I/Users/nikita/Desktop/Diploma_Project/latte-integrale-1.7.4/dest/include  -L/Users/nikita/Desktop/Diploma_Project/latte-integrale-1.7.4/dest/lib -o libconftest.dylib -dynamiclib -Wl,-single_module conftest.c
configure:7345: result: yes
configure:7347: checking for -exported_symbols_list linker flag
configure:7367: gcc -o conftest -g -O2 -I/Users/nikita/Desktop/Diploma_Project/latte-integrale-1.7.4/dest/include   -L/Users/nikita/Desktop/Diploma_Project/latte-integrale-1.7.4/dest/lib -Wl,-exported_symbols_list,conftest.sym conftest.c  >&5
configure:7367: $? = 0
configure:7377: result: yes
configure:7379: checking for -force_load linker flag
gcc -g -O2 -I/Users/nikita/Desktop/Diploma_Project/latte-integrale-1.7.4/dest/include -c -o conftest.o conftest.c
ar cru libconftest.a conftest.o
ranlib libconftest.a
gcc -g -O2 -I/Users/nikita/Desktop/Diploma_Project/latte-integrale-1.7.4/dest/include  -L/Users/nikita/Desktop/Diploma_Project/latte-integrale-1.7.4/dest/lib -o conftest conftest.c -Wl,-force_load,./libconftest.a
warning: (x86_64)  could not find object file symbol for symbol _forced_loaded
configure:7409: result: no
configure:7451: checking how to run the C preprocessor
configure:7482: gcc -E  conftest.c
configure:7482: $? = 0
configure:7496: gcc -E  conftest.c
conftest.c:11:10: fatal error: 'ac_nonexistent.h' file not found
#include <ac_nonexistent.h>
         ^~~~~~~~~~~~~~~~~~
1 error generated.
configure:7496: $? = 1
configure: failed program was:
| /* confdefs.h */
| #define PACKAGE_NAME "cddlib"
| #define PACKAGE_TARNAME "cddlib"
| #define PACKAGE_VERSION "0.94f+sage-patches-p8+latte-build-patch"
| #define PACKAGE_STRING "cddlib 0.94f+sage-patches-p8+latte-build-patch"
| #define PACKAGE_BUGREPORT ""
| #define PACKAGE_URL ""
| #define PACKAGE "cddlib"
| #define VERSION "0.94f+sage-patches-p8+latte-build-patch"
| /* end confdefs.h.  */
| #include <ac_nonexistent.h>
configure:7521: result: gcc -E
configure:7541: gcc -E  conftest.c
configure:7541: $? = 0
configure:7555: gcc -E  conftest.c
conftest.c:11:10: fatal error: 'ac_nonexistent.h' file not found
#include <ac_nonexistent.h>
         ^~~~~~~~~~~~~~~~~~
1 error generated.
configure:7555: $? = 1
configure: failed program was:
| /* confdefs.h */
| #define PACKAGE_NAME "cddlib"
| #define PACKAGE_TARNAME "cddlib"
| #define PACKAGE_VERSION "0.94f+sage-patches-p8+latte-build-patch"
| #define PACKAGE_STRING "cddlib 0.94f+sage-patches-p8+latte-build-patch"
| #define PACKAGE_BUGREPORT ""
| #define PACKAGE_URL ""
| #define PACKAGE "cddlib"
| #define VERSION "0.94f+sage-patches-p8+latte-build-patch"
| /* end confdefs.h.  */
| #include <ac_nonexistent.h>
configure:7584: checking for ANSI C header files
configure:7604: gcc -c -g -O2 -I/Users/nikita/Desktop/Diploma_Project/latte-integrale-1.7.4/dest/include  conftest.c >&5
configure:7604: $? = 0
configure:7677: gcc -o conftest -g -O2 -I/Users/nikita/Desktop/Diploma_Project/latte-integrale-1.7.4/dest/include   -L/Users/nikita/Desktop/Diploma_Project/latte-integrale-1.7.4/dest/lib conftest.c  >&5
configure:7677: $? = 0
configure:7677: ./conftest
configure:7677: $? = 0
configure:7688: result: yes
configure:7701: checking for sys/types.h
configure:7701: gcc -c -g -O2 -I/Users/nikita/Desktop/Diploma_Project/latte-integrale-1.7.4/dest/include  conftest.c >&5
configure:7701: $? = 0
configure:7701: result: yes
configure:7701: checking for sys/stat.h
configure:7701: gcc -c -g -O2 -I/Users/nikita/Desktop/Diploma_Project/latte-integrale-1.7.4/dest/include  conftest.c >&5
configure:7701: $? = 0
configure:7701: result: yes
configure:7701: checking for stdlib.h
configure:7701: gcc -c -g -O2 -I/Users/nikita/Desktop/Diploma_Project/latte-integrale-1.7.4/dest/include  conftest.c >&5
configure:7701: $? = 0
configure:7701: result: yes
configure:7701: checking for string.h
configure:7701: gcc -c -g -O2 -I/Users/nikita/Desktop/Diploma_Project/latte-integrale-1.7.4/dest/include  conftest.c >&5
configure:7701: $? = 0
configure:7701: result: yes
configure:7701: checking for memory.h
configure:7701: gcc -c -g -O2 -I/Users/nikita/Desktop/Diploma_Project/latte-integrale-1.7.4/dest/include  conftest.c >&5
configure:7701: $? = 0
configure:7701: result: yes
configure:7701: checking for strings.h
configure:7701: gcc -c -g -O2 -I/Users/nikita/Desktop/Diploma_Project/latte-integrale-1.7.4/dest/include  conftest.c >&5
configure:7701: $? = 0
configure:7701: result: yes
configure:7701: checking for inttypes.h
configure:7701: gcc -c -g -O2 -I/Users/nikita/Desktop/Diploma_Project/latte-integrale-1.7.4/dest/include  conftest.c >&5
configure:7701: $? = 0
configure:7701: result: yes
configure:7701: checking for stdint.h
configure:7701: gcc -c -g -O2 -I/Users/nikita/Desktop/Diploma_Project/latte-integrale-1.7.4/dest/include  conftest.c >&5
configure:7701: $? = 0
configure:7701: result: yes
configure:7701: checking for unistd.h
configure:7701: gcc -c -g -O2 -I/Users/nikita/Desktop/Diploma_Project/latte-integrale-1.7.4/dest/include  conftest.c >&5
configure:7701: $? = 0
configure:7701: result: yes
configure:7715: checking for dlfcn.h
configure:7715: gcc -c -g -O2 -I/Users/nikita/Desktop/Diploma_Project/latte-integrale-1.7.4/dest/include  conftest.c >&5
configure:7715: $? = 0
configure:7715: result: yes
configure:7913: checking for objdir
configure:7928: result: .libs
configure:8199: checking if gcc supports -fno-rtti -fno-exceptions
configure:8217: gcc -c -g -O2 -I/Users/nikita/Desktop/Diploma_Project/latte-integrale-1.7.4/dest/include  -fno-rtti -fno-exceptions conftest.c >&5
configure:8221: $? = 0
configure:8234: result: yes
configure:8544: checking for gcc option to produce PIC
configure:8551: result: -fno-common -DPIC
configure:8559: checking if gcc PIC flag -fno-common -DPIC works
configure:8577: gcc -c -g -O2 -I/Users/nikita/Desktop/Diploma_Project/latte-integrale-1.7.4/dest/include  -fno-common -DPIC -DPIC conftest.c >&5
configure:8581: $? = 0
configure:8594: result: yes
configure:8623: checking if gcc static flag -static works
configure:8651: result: no
configure:8666: checking if gcc supports -c -o file.o
configure:8687: gcc -c -g -O2 -I/Users/nikita/Desktop/Diploma_Project/latte-integrale-1.7.4/dest/include  -o out/conftest2.o conftest.c >&5
configure:8691: $? = 0
configure:8713: result: yes
configure:8721: checking if gcc supports -c -o file.o
configure:8768: result: yes
configure:8801: checking whether the gcc linker (/Applications/Xcode.app/Contents/Developer/Toolchains/XcodeDefault.xctoolchain/usr/bin/ld) supports shared libraries
configure:9963: result: yes
configure:10208: checking dynamic linker characteristics
configure:10957: result: darwin22.3.0 dyld
configure:11064: checking how to hardcode library paths into programs
configure:11089: result: immediate
configure:11629: checking whether stripping libraries is possible
configure:11643: result: yes
configure:11669: checking if libtool supports shared libraries
configure:11671: result: yes
configure:11674: checking whether to build shared libraries
configure:11695: result: no
configure:11698: checking whether to build static libraries
configure:11702: result: yes
configure:11725: checking how to run the C++ preprocessor
configure:11752: g++ -E  conftest.cpp
configure:11752: $? = 0
configure:11766: g++ -E  conftest.cpp
conftest.cpp:23:10: fatal error: 'ac_nonexistent.h' file not found
#include <ac_nonexistent.h>
         ^~~~~~~~~~~~~~~~~~
1 error generated.
configure:11766: $? = 1
configure: failed program was:
| /* confdefs.h */
| #define PACKAGE_NAME "cddlib"
| #define PACKAGE_TARNAME "cddlib"
| #define PACKAGE_VERSION "0.94f+sage-patches-p8+latte-build-patch"
| #define PACKAGE_STRING "cddlib 0.94f+sage-patches-p8+latte-build-patch"
| #define PACKAGE_BUGREPORT ""
| #define PACKAGE_URL ""
| #define PACKAGE "cddlib"
| #define VERSION "0.94f+sage-patches-p8+latte-build-patch"
| #define STDC_HEADERS 1
| #define HAVE_SYS_TYPES_H 1
| #define HAVE_SYS_STAT_H 1
| #define HAVE_STDLIB_H 1
| #define HAVE_STRING_H 1
| #define HAVE_MEMORY_H 1
| #define HAVE_STRINGS_H 1
| #define HAVE_INTTYPES_H 1
| #define HAVE_STDINT_H 1
| #define HAVE_UNISTD_H 1
| #define HAVE_DLFCN_H 1
| #define LT_OBJDIR ".libs/"
| /* end confdefs.h.  */
| #include <ac_nonexistent.h>
configure:11791: result: g++ -E
configure:11811: g++ -E  conftest.cpp
configure:11811: $? = 0
configure:11825: g++ -E  conftest.cpp
conftest.cpp:23:10: fatal error: 'ac_nonexistent.h' file not found
#include <ac_nonexistent.h>
         ^~~~~~~~~~~~~~~~~~
1 error generated.
configure:11825: $? = 1
configure: failed program was:
| /* confdefs.h */
| #define PACKAGE_NAME "cddlib"
| #define PACKAGE_TARNAME "cddlib"
| #define PACKAGE_VERSION "0.94f+sage-patches-p8+latte-build-patch"
| #define PACKAGE_STRING "cddlib 0.94f+sage-patches-p8+latte-build-patch"
| #define PACKAGE_BUGREPORT ""
| #define PACKAGE_URL ""
| #define PACKAGE "cddlib"
| #define VERSION "0.94f+sage-patches-p8+latte-build-patch"
| #define STDC_HEADERS 1
| #define HAVE_SYS_TYPES_H 1
| #define HAVE_SYS_STAT_H 1
| #define HAVE_STDLIB_H 1
| #define HAVE_STRING_H 1
| #define HAVE_MEMORY_H 1
| #define HAVE_STRINGS_H 1
| #define HAVE_INTTYPES_H 1
| #define HAVE_STDINT_H 1
| #define HAVE_UNISTD_H 1
| #define HAVE_DLFCN_H 1
| #define LT_OBJDIR ".libs/"
| /* end confdefs.h.  */
| #include <ac_nonexistent.h>
configure:11995: checking for ld used by g++
configure:12062: result: /Applications/Xcode.app/Contents/Developer/Toolchains/XcodeDefault.xctoolchain/usr/bin/ld
configure:12069: checking if the linker (/Applications/Xcode.app/Contents/Developer/Toolchains/XcodeDefault.xctoolchain/usr/bin/ld) is GNU ld
configure:12084: result: no
configure:12139: checking whether the g++ linker (/Applications/Xcode.app/Contents/Developer/Toolchains/XcodeDefault.xctoolchain/usr/bin/ld) supports shared libraries
configure:13143: result: yes
configure:13178: g++ -c -O3 -I/Users/nikita/Desktop/Diploma_Project/latte-integrale-1.7.4/dest/include  conftest.cpp >&5
configure:13181: $? = 0
configure:13701: checking for g++ option to produce PIC
configure:13708: result: -fno-common -DPIC
configure:13716: checking if g++ PIC flag -fno-common -DPIC works
configure:13734: g++ -c -O3 -I/Users/nikita/Desktop/Diploma_Project/latte-integrale-1.7.4/dest/include  -fno-common -DPIC -DPIC conftest.cpp >&5
configure:13738: $? = 0
configure:13751: result: yes
configure:13774: checking if g++ static flag -static works
configure:13802: result: no
configure:13814: checking if g++ supports -c -o file.o
configure:13835: g++ -c -O3 -I/Users/nikita/Desktop/Diploma_Project/latte-integrale-1.7.4/dest/include  -o out/conftest2.o conftest.cpp >&5
configure:13839: $? = 0
configure:13861: result: yes
configure:13866: checking if g++ supports -c -o file.o
configure:13913: result: yes
configure:13943: checking whether the g++ linker (/Applications/Xcode.app/Contents/Developer/Toolchains/XcodeDefault.xctoolchain/usr/bin/ld) supports shared libraries
configure:13980: result: yes
configure:14123: checking dynamic linker characteristics
configure:14806: result: darwin22.3.0 dyld
configure:14859: checking how to hardcode library paths into programs
configure:14884: result: immediate
configure:14944: checking for ANSI C header files
configure:15048: result: yes
configure:15058: checking limits.h usability
configure:15058: gcc -c -g -O2 -I/Users/nikita/Desktop/Diploma_Project/latte-integrale-1.7.4/dest/include  conftest.c >&5
configure:15058: $? = 0
configure:15058: result: yes
configure:15058: checking limits.h presence
configure:15058: gcc -E  conftest.c
configure:15058: $? = 0
configure:15058: result: yes
configure:15058: checking for limits.h
configure:15058: result: yes
configure:15069: checking for an ANSI C-conforming const
configure:15134: gcc -c -g -O2 -I/Users/nikita/Desktop/Diploma_Project/latte-integrale-1.7.4/dest/include  conftest.c >&5
configure:15134: $? = 0
configure:15141: result: yes
configure:15152: checking for stdlib.h
configure:15152: result: yes
configure:15162: checking for GNU libc compatible malloc
configure:15186: gcc -o conftest -g -O2 -I/Users/nikita/Desktop/Diploma_Project/latte-integrale-1.7.4/dest/include   -L/Users/nikita/Desktop/Diploma_Project/latte-integrale-1.7.4/dest/lib conftest.c  >&5
configure:15186: $? = 0
configure:15186: ./conftest
configure:15186: $? = 0
configure:15196: result: yes
configure:15219: checking for strchr
configure:15219: gcc -o conftest -g -O2 -I/Users/nikita/Desktop/Diploma_Project/latte-integrale-1.7.4/dest/include   -L/Users/nikita/Desktop/Diploma_Project/latte-integrale-1.7.4/dest/lib conftest.c  >&5
conftest.c:50:6: warning: incompatible redeclaration of library function 'strchr' [-Wincompatible-library-redeclaration]
char strchr ();
     ^
conftest.c:50:6: note: 'strchr' is a builtin with type 'char *(const char *, int)'
1 warning generated.
configure:15219: $? = 0
configure:15219: result: yes
configure:15235: checking for __gmpz_init in -lgmp
configure:15260: gcc -o conftest -g -O2 -I/Users/nikita/Desktop/Diploma_Project/latte-integrale-1.7.4/dest/include   -L/Users/nikita/Desktop/Diploma_Project/latte-integrale-1.7.4/dest/lib conftest.c -lgmp   >&5
configure:15260: $? = 0
configure:15269: result: yes
configure:15472: creating ./config.status

## ---------------------- ##
## Running config.status. ##
## ---------------------- ##

This file was extended by cddlib config.status 0.94f+sage-patches-p8+latte-build-patch, which was
generated by GNU Autoconf 2.68.  Invocation command line was

  CONFIG_FILES    = 
  CONFIG_HEADERS  = 
  CONFIG_LINKS    = 
  CONFIG_COMMANDS = 
  $ ./config.status 

on MacBook-Pro-Nikita.local

config.status:1078: creating lib-src/Makefile
config.status:1078: creating src/Makefile
config.status:1078: creating lib-src-gmp/Makefile
config.status:1078: creating src-gmp/Makefile
config.status:1078: creating Makefile
config.status:1250: executing depfiles commands
config.status:1250: executing libtool commands

## ---------------- ##
## Cache variables. ##
## ---------------- ##

ac_cv_build=x86_64-apple-darwin22.3.0
ac_cv_c_compiler_gnu=yes
ac_cv_c_const=yes
ac_cv_cxx_compiler_gnu=yes
ac_cv_env_CCC_set=
ac_cv_env_CCC_value=
ac_cv_env_CC_set=set
ac_cv_env_CC_value=gcc
ac_cv_env_CFLAGS_set=set
ac_cv_env_CFLAGS_value='-g -O2 -I/Users/nikita/Desktop/Diploma_Project/latte-integrale-1.7.4/dest/include'
ac_cv_env_CPPFLAGS_set=
ac_cv_env_CPPFLAGS_value=
ac_cv_env_CPP_set=
ac_cv_env_CPP_value=
ac_cv_env_CXXCPP_set=
ac_cv_env_CXXCPP_value=
ac_cv_env_CXXFLAGS_set=set
ac_cv_env_CXXFLAGS_value='-O3 -I/Users/nikita/Desktop/Diploma_Project/latte-integrale-1.7.4/dest/include'
ac_cv_env_CXX_set=set
ac_cv_env_CXX_value=g++
ac_cv_env_LDFLAGS_set=set
ac_cv_env_LDFLAGS_value=' -L/Users/nikita/Desktop/Diploma_Project/latte-integrale-1.7.4/dest/lib'
ac_cv_env_LIBS_set=
ac_cv_env_LIBS_value=
ac_cv_env_build_alias_set=
ac_cv_env_build_alias_value=
ac_cv_env_host_alias_set=
ac_cv_env_host_alias_value=
ac_cv_env_target_alias_set=
ac_cv_env_target_alias_value=
ac_cv_func_malloc_0_nonnull=yes
ac_cv_func_strchr=yes
ac_cv_header_dlfcn_h=yes
ac_cv_header_inttypes_h=yes
ac_cv_header_limits_h=yes
ac_cv_header_memory_h=yes
ac_cv_header_stdc=yes
ac_cv_header_stdint_h=yes
ac_cv_header_stdlib_h=yes
ac_cv_header_string_h=yes
ac_cv_header_strings_h=yes
ac_cv_header_sys_stat_h=yes
ac_cv_header_sys_types_h=yes
ac_cv_header_unistd_h=yes
ac_cv_host=x86_64-apple-darwin22.3.0
ac_cv_lib_gmp___gmpz_init=yes
ac_cv_objext=o
ac_cv_path_EGREP='/usr/bin/grep -E'
ac_cv_path_FGREP='/usr/bin/grep -F'
ac_cv_path_GREP=/usr/bin/grep
ac_cv_path_SED=/usr/bin/sed
ac_cv_path_install='/usr/local/bin/ginstall -c'
ac_cv_path_mkdir=/usr/local/bin/gmkdir
ac_cv_prog_AWK=awk
ac_cv_prog_CPP='gcc -E'
ac_cv_prog_CXXCPP='g++ -E'
ac_cv_prog_ac_ct_AR=ar
ac_cv_prog_ac_ct_CC=gcc
ac_cv_prog_ac_ct_DSYMUTIL=dsymutil
ac_cv_prog_ac_ct_LIPO=lipo
ac_cv_prog_ac_ct_NMEDIT=nmedit
ac_cv_prog_ac_ct_OBJDUMP=objdump
ac_cv_prog_ac_ct_OTOOL=otool
ac_cv_prog_ac_ct_RANLIB=ranlib
ac_cv_prog_ac_ct_STRIP=strip
ac_cv_prog_cc_c89=
ac_cv_prog_cc_g=yes
ac_cv_prog_cxx_g=yes
ac_cv_prog_make__Applications_Xcode_app_Contents_Developer_usr_bin_make_set=yes
am_cv_CC_dependencies_compiler_type=gcc3
am_cv_CXX_dependencies_compiler_type=gcc3
lt_cv_apple_cc_single_mod=yes
lt_cv_ar_at_file=no
lt_cv_deplibs_check_method=pass_all
lt_cv_file_magic_cmd='$MAGIC_CMD'
lt_cv_file_magic_test_file=
lt_cv_ld_exported_symbols_list=yes
lt_cv_ld_force_load=no
lt_cv_ld_reload_flag=-r
lt_cv_nm_interface='BSD nm'
lt_cv_objdir=.libs
lt_cv_path_LD=/Applications/Xcode.app/Contents/Developer/Toolchains/XcodeDefault.xctoolchain/usr/bin/ld
lt_cv_path_LDCXX=/Applications/Xcode.app/Contents/Developer/Toolchains/XcodeDefault.xctoolchain/usr/bin/ld
lt_cv_path_NM='/usr/bin/nm -B'
lt_cv_path_mainfest_tool=no
lt_cv_prog_compiler_c_o=yes
lt_cv_prog_compiler_c_o_CXX=yes
lt_cv_prog_compiler_pic='-fno-common -DPIC'
lt_cv_prog_compiler_pic_CXX='-fno-common -DPIC'
lt_cv_prog_compiler_pic_works=yes
lt_cv_prog_compiler_pic_works_CXX=yes
lt_cv_prog_compiler_rtti_exceptions=yes
lt_cv_prog_compiler_static_works=no
lt_cv_prog_compiler_static_works_CXX=no
lt_cv_prog_gnu_ld=no
lt_cv_prog_gnu_ldcxx=no
lt_cv_sharedlib_from_linklib_cmd='printf %s\n'
lt_cv_sys_global_symbol_pipe='sed -n -e '\''s/^.*[	 ]\([BCDEGRST][BCDEGRST]*\)[	 ][	 ]*_\([_A-Za-z][_A-Za-z0-9]*\)$/\1 _\2 \2/p'\'' | sed '\''/ __gnu_lto/d'\'''
lt_cv_sys_global_symbol_to_c_name_address='sed -n -e '\''s/^: \([^ ]*\)[ ]*$/  {\"\1\", (void *) 0},/p'\'' -e '\''s/^[BCDEGRST]* \([^ ]*\) \([^ ]*\)$/  {"\2", (void *) \&\2},/p'\'''
lt_cv_sys_global_symbol_to_c_name_address_lib_prefix='sed -n -e '\''s/^: \([^ ]*\)[ ]*$/  {\"\1\", (void *) 0},/p'\'' -e '\''s/^[BCDEGRST]* \([^ ]*\) \(lib[^ ]*\)$/  {"\2", (void *) \&\2},/p'\'' -e '\''s/^[BCDEGRST]* \([^ ]*\) \([^ ]*\)$/  {"lib\2", (void *) \&\2},/p'\'''
lt_cv_sys_global_symbol_to_cdecl='sed -n -e '\''s/^T .* \(.*\)$/extern int \1();/p'\'' -e '\''s/^[BCDEGRST]* .* \(.*\)$/extern char \1;/p'\'''
lt_cv_sys_max_cmd_len=786432
lt_cv_to_host_file_cmd=func_convert_file_noop
lt_cv_to_tool_file_cmd=func_convert_file_noop

## ----------------- ##
## Output variables. ##
## ----------------- ##

ACLOCAL='${SHELL} /Users/nikita/Desktop/Diploma_Project/latte-integrale-1.7.4/cddlib-0.94f+sage-patches-p8+latte-build-patch/missing --run aclocal-1.11'
AMDEPBACKSLASH='\'
AMDEP_FALSE='#'
AMDEP_TRUE=''
AMTAR='${SHELL} /Users/nikita/Desktop/Diploma_Project/latte-integrale-1.7.4/cddlib-0.94f+sage-patches-p8+latte-build-patch/missing --run tar'
AR='ar'
AUTOCONF='${SHELL} /Users/nikita/Desktop/Diploma_Project/latte-integrale-1.7.4/cddlib-0.94f+sage-patches-p8+latte-build-patch/missing --run autoconf'
AUTOHEADER='${SHELL} /Users/nikita/Desktop/Diploma_Project/latte-integrale-1.7.4/cddlib-0.94f+sage-patches-p8+latte-build-patch/missing --run autoheader'
AUTOMAKE='${SHELL} /Users/nikita/Desktop/Diploma_Project/latte-integrale-1.7.4/cddlib-0.94f+sage-patches-p8+latte-build-patch/missing --run automake-1.11'
AWK='awk'
CC='gcc'
CCDEPMODE='depmode=gcc3'
CFLAGS='-g -O2 -I/Users/nikita/Desktop/Diploma_Project/latte-integrale-1.7.4/dest/include'
CPP='gcc -E'
CPPFLAGS=''
CXX='g++'
CXXCPP='g++ -E'
CXXDEPMODE='depmode=gcc3'
CXXFLAGS='-O3 -I/Users/nikita/Desktop/Diploma_Project/latte-integrale-1.7.4/dest/include'
CYGPATH_W='echo'
DEFS='-DPACKAGE_NAME=\"cddlib\" -DPACKAGE_TARNAME=\"cddlib\" -DPACKAGE_VERSION=\"0.94f+sage-patches-p8+latte-build-patch\" -DPACKAGE_STRING=\"cddlib\ 0.94f+sage-patches-p8+latte-build-patch\" -DPACKAGE_BUGREPORT=\"\" -DPACKAGE_URL=\"\" -DPACKAGE=\"cddlib\" -DVERSION=\"0.94f+sage-patches-p8+latte-build-patch\" -DSTDC_HEADERS=1 -DHAVE_SYS_TYPES_H=1 -DHAVE_SYS_STAT_H=1 -DHAVE_STDLIB_H=1 -DHAVE_STRING_H=1 -DHAVE_MEMORY_H=1 -DHAVE_STRINGS_H=1 -DHAVE_INTTYPES_H=1 -DHAVE_STDINT_H=1 -DHAVE_UNISTD_H=1 -DHAVE_DLFCN_H=1 -DLT_OBJDIR=\".libs/\" -DSTDC_HEADERS=1 -DHAVE_LIMITS_H=1 -DHAVE_STDLIB_H=1 -DHAVE_MALLOC=1 -DHAVE_STRCHR=1 -DHAVE_LIBGMP=1'
DEPDIR='.deps'
DLLTOOL='false'
DSYMUTIL='dsymutil'
DUMPBIN=''
ECHO_C='\c'
ECHO_N=''
ECHO_T=''
EGREP='/usr/bin/grep -E'
EXEEXT=''
FGREP='/usr/bin/grep -F'
GMP_CFLAGS=''
GMP_LIBS=' -lgmp'
GREP='/usr/bin/grep'
INSTALL_DATA='${INSTALL} -m 644'
INSTALL_PROGRAM='${INSTALL}'
INSTALL_SCRIPT='${INSTALL}'
INSTALL_STRIP_PROGRAM='$(install_sh) -c -s'
LD='/Applications/Xcode.app/Contents/Developer/Toolchains/XcodeDefault.xctoolchain/usr/bin/ld'
LDFLAGS=' -L/Users/nikita/Desktop/Diploma_Project/latte-integrale-1.7.4/dest/lib'
LIBOBJS=''
LIBS='-lgmp '
LIBTOOL='$(SHELL) $(top_builddir)/libtool'
LIPO='lipo'
LN_S='ln -s'
LTLIBOBJS=''
MAKEINFO='${SHELL} /Users/nikita/Desktop/Diploma_Project/latte-integrale-1.7.4/cddlib-0.94f+sage-patches-p8+latte-build-patch/missing --run makeinfo'
MANIFEST_TOOL=':'
MKDIR_P='/usr/local/bin/gmkdir -p'
NM='/usr/bin/nm -B'
NMEDIT='nmedit'
OBJDUMP='objdump'
OBJEXT='o'
OTOOL64=':'
OTOOL='otool'
PACKAGE='cddlib'
PACKAGE_BUGREPORT=''
PACKAGE_NAME='cddlib'
PACKAGE_STRING='cddlib 0.94f+sage-patches-p8+latte-build-patch'
PACKAGE_TARNAME='cddlib'
PACKAGE_URL=''
PACKAGE_VERSION='0.94f+sage-patches-p8+latte-build-patch'
PATH_SEPARATOR=':'
RANLIB='ranlib'
SED='/usr/bin/sed'
SET_MAKE=''
SHELL='/bin/sh'
STRIP='strip'
VERSION='0.94f+sage-patches-p8+latte-build-patch'
ac_ct_AR='ar'
ac_ct_CC='gcc'
ac_ct_CXX=''
ac_ct_DUMPBIN=''
am__EXEEXT_FALSE=''
am__EXEEXT_TRUE='#'
am__fastdepCC_FALSE='#'
am__fastdepCC_TRUE=''
am__fastdepCXX_FALSE='#'
am__fastdepCXX_TRUE=''
am__include='include'
am__isrc=''
am__leading_dot='.'
am__quote=''
am__tar='${AMTAR} chof - "$$tardir"'
am__untar='${AMTAR} xf -'
bindir='${exec_prefix}/bin'
build='x86_64-apple-darwin22.3.0'
build_alias=''
build_cpu='x86_64'
build_os='darwin22.3.0'
build_vendor='apple'
datadir='${datarootdir}'
datarootdir='${prefix}/share'
docdir='${datarootdir}/doc/${PACKAGE_TARNAME}'
dvidir='${docdir}'
exec_prefix='${prefix}'
host='x86_64-apple-darwin22.3.0'
host_alias=''
host_cpu='x86_64'
host_os='darwin22.3.0'
host_vendor='apple'
htmldir='${docdir}'
includedir='${prefix}/include'
infodir='${datarootdir}/info'
install_sh='${SHELL} /Users/nikita/Desktop/Diploma_Project/latte-integrale-1.7.4/cddlib-0.94f+sage-patches-p8+latte-build-patch/install-sh'
libdir='${exec_prefix}/lib'
libexecdir='${exec_prefix}/libexec'
localedir='${datarootdir}/locale'
localstatedir='${prefix}/var'
mandir='${datarootdir}/man'
mkdir_p='/usr/local/bin/gmkdir -p'
oldincludedir='/usr/include'
pdfdir='${docdir}'
prefix='/Users/nikita/Desktop/Diploma_Project/latte-integrale-1.7.4/dest'
program_transform_name='s,x,x,'
psdir='${docdir}'
sbindir='${exec_prefix}/sbin'
sharedstatedir='${prefix}/com'
sysconfdir='${prefix}/etc'
target_alias=''

## ----------- ##
## confdefs.h. ##
## ----------- ##

/* confdefs.h */
#define PACKAGE_NAME "cddlib"
#define PACKAGE_TARNAME "cddlib"
#define PACKAGE_VERSION "0.94f+sage-patches-p8+latte-build-patch"
#define PACKAGE_STRING "cddlib 0.94f+sage-patches-p8+latte-build-patch"
#define PACKAGE_BUGREPORT ""
#define PACKAGE_URL ""
#define PACKAGE "cddlib"
#define VERSION "0.94f+sage-patches-p8+latte-build-patch"
#define STDC_HEADERS 1
#define HAVE_SYS_TYPES_H 1
#define HAVE_SYS_STAT_H 1
#define HAVE_STDLIB_H 1
#define HAVE_STRING_H 1
#define HAVE_MEMORY_H 1
#define HAVE_STRINGS_H 1
#define HAVE_INTTYPES_H 1
#define HAVE_STDINT_H 1
#define HAVE_UNISTD_H 1
#define HAVE_DLFCN_H 1
#define LT_OBJDIR ".libs/"
#define STDC_HEADERS 1
#define HAVE_LIMITS_H 1
#define HAVE_STDLIB_H 1
#define HAVE_MALLOC 1
#define HAVE_STRCHR 1
#define HAVE_LIBGMP 1

configure: exit 0
