This file contains any messages produced by compilers while
running configure, to aid debugging if configure makes a mistake.

It was created by latte-integrale configure 1.7.4, which was
generated by GNU Autoconf 2.69.  Invocation command line was

  $ ./configure 

## --------- ##
## Platform. ##
## --------- ##

hostname = MacBook-Pro-Nikita.local
uname -m = x86_64
uname -r = 22.3.0
uname -s = Darwin
uname -v = Darwin Kernel Version 22.3.0: Mon Jan 30 20:42:11 PST 2023; root:xnu-8792.81.3~2/RELEASE_X86_64

/usr/bin/uname -p = i386
/bin/uname -X     = unknown

/bin/arch              = unknown
/usr/bin/arch -k       = unknown
/usr/convex/getsysinfo = unknown
/usr/bin/hostinfo      = Mach kernel version:
	 Darwin Kernel Version 22.3.0: Mon Jan 30 20:42:11 PST 2023; root:xnu-8792.81.3~2/RELEASE_X86_64
Kernel configured for up to 8 processors.
4 processors are physically available.
8 processors are logically available.
Processor type: x86_64h (Intel x86-64h Haswell)
Processors active: 0 1 2 3 4 5 6 7
Primary memory available: 8.00 gigabytes
Default processor set: 551 tasks, 2241 threads, 8 processors
Load average: 1.49, Mach factor: 6.58
/bin/machine           = unknown
/usr/bin/oslevel       = unknown
/bin/universe          = unknown

PATH: /Users/nikita/opt/anaconda3/bin
PATH: /Users/nikita/opt/anaconda3/condabin
PATH: /Users/nikita/.cargo/bin
PATH: /usr/local/opt/ruby/bin
PATH: /Library/Frameworks/Python.framework/Versions/3.7/bin
PATH: /usr/local/bin
PATH: /usr/bin
PATH: /bin
PATH: /usr/sbin
PATH: /sbin
PATH: /usr/.local/bin
PATH: /Library/TeX/texbin
PATH: /opt/X11/bin
PATH: /Library/Apple/usr/bin
PATH: /Users/nikita/Library/Android/sdk/emulator
PATH: /Users/nikita/Library/Android/sdk/tools
PATH: /Users/nikita/Library/Android/sdk/tools/bin
PATH: /Users/nikita/Library/Android/sdk/platform-tools
PATH: /Users/nikita/.local/bin
PATH: /Users/nikita/.rvm/bin


## ----------- ##
## Core tests. ##
## ----------- ##

configure:2553: checking build system type
configure:2567: result: x86_64-apple-darwin22.3.0
configure:2587: checking host system type
configure:2600: result: x86_64-apple-darwin22.3.0
configure:2620: checking target system type
configure:2633: result: x86_64-apple-darwin22.3.0
configure:2676: checking for a BSD-compatible install
configure:2744: result: /usr/local/bin/ginstall -c
configure:2755: checking whether build environment is sane
configure:2810: result: yes
configure:2961: checking for a thread-safe mkdir -p
configure:3000: result: /usr/local/bin/gmkdir -p
configure:3007: checking for gawk
configure:3037: result: no
configure:3007: checking for mawk
configure:3037: result: no
configure:3007: checking for nawk
configure:3037: result: no
configure:3007: checking for awk
configure:3023: found /usr/bin/awk
configure:3034: result: awk
configure:3045: checking whether make sets $(MAKE)
configure:3067: result: yes
configure:3096: checking whether make supports nested variables
configure:3113: result: yes
configure:3288: checking how to print strings
configure:3315: result: printf
configure:3348: checking for style of include used by make
configure:3376: result: GNU
configure:3447: checking for gcc
configure:3463: found /usr/bin/gcc
configure:3474: result: gcc
configure:3703: checking for C compiler version
configure:3712: gcc --version >&5
Apple clang version 12.0.0 (clang-1200.0.32.21)
Target: x86_64-apple-darwin22.3.0
Thread model: posix
InstalledDir: /Applications/Xcode.app/Contents/Developer/Toolchains/XcodeDefault.xctoolchain/usr/bin
Configured with: --prefix=/Applications/Xcode.app/Contents/Developer/usr --with-gxx-include-dir=/Applications/Xcode.app/Contents/Developer/Platforms/MacOSX.platform/Developer/SDKs/MacOSX.sdk/usr/include/c++/4.2.1
configure:3723: $? = 0
configure:3712: gcc -v >&5
Configured with: --prefix=/Applications/Xcode.app/Contents/Developer/usr --with-gxx-include-dir=/Applications/Xcode.app/Contents/Developer/Platforms/MacOSX.platform/Developer/SDKs/MacOSX.sdk/usr/include/c++/4.2.1
Apple clang version 12.0.0 (clang-1200.0.32.21)
Target: x86_64-apple-darwin22.3.0
Thread model: posix
InstalledDir: /Applications/Xcode.app/Contents/Developer/Toolchains/XcodeDefault.xctoolchain/usr/bin
configure:3723: $? = 0
configure:3712: gcc -V >&5
clang: error: argument to '-V' is missing (expected 1 value)
clang: error: no input files
configure:3723: $? = 1
configure:3712: gcc -qversion >&5
clang: error: unknown argument '-qversion'; did you mean '--version'?
clang: error: no input files
configure:3723: $? = 1
configure:3743: checking whether the C compiler works
configure:3765: gcc    conftest.c  >&5
configure:3769: $? = 0
configure:3817: result: yes
configure:3820: checking for C compiler default output file name
configure:3822: result: a.out
configure:3828: checking for suffix of executables
configure:3835: gcc -o conftest    conftest.c  >&5
configure:3839: $? = 0
configure:3861: result: 
configure:3883: checking whether we are cross compiling
configure:3891: gcc -o conftest    conftest.c  >&5
configure:3895: $? = 0
configure:3902: ./conftest
configure:3906: $? = 0
configure:3921: result: no
configure:3926: checking for suffix of object files
configure:3948: gcc -c   conftest.c >&5
configure:3952: $? = 0
configure:3973: result: o
configure:3977: checking whether we are using the GNU C compiler
configure:3996: gcc -c   conftest.c >&5
configure:3996: $? = 0
configure:4005: result: yes
configure:4014: checking whether gcc accepts -g
configure:4034: gcc -c -g  conftest.c >&5
configure:4034: $? = 0
configure:4075: result: yes
configure:4092: checking for gcc option to accept ISO C89
configure:4155: gcc  -c -g -O2  conftest.c >&5
configure:4155: $? = 0
configure:4168: result: none needed
configure:4193: checking whether gcc understands -c and -o together
configure:4215: gcc -c conftest.c -o conftest2.o
configure:4218: $? = 0
configure:4215: gcc -c conftest.c -o conftest2.o
configure:4218: $? = 0
configure:4230: result: yes
configure:4249: checking dependency style of gcc
configure:4360: result: none
configure:4375: checking for a sed that does not truncate output
configure:4439: result: /usr/bin/sed
configure:4457: checking for grep that handles long lines and -e
configure:4515: result: /usr/bin/grep
configure:4520: checking for egrep
configure:4582: result: /usr/bin/grep -E
configure:4587: checking for fgrep
configure:4649: result: /usr/bin/grep -F
configure:4684: checking for ld used by gcc
configure:4751: result: /Applications/Xcode.app/Contents/Developer/Toolchains/XcodeDefault.xctoolchain/usr/bin/ld
configure:4758: checking if the linker (/Applications/Xcode.app/Contents/Developer/Toolchains/XcodeDefault.xctoolchain/usr/bin/ld) is GNU ld
configure:4773: result: no
configure:4785: checking for BSD- or MS-compatible name lister (nm)
configure:4839: result: /usr/bin/nm -B
configure:4969: checking the name lister (/usr/bin/nm -B) interface
configure:4976: gcc -c -g -O2  conftest.c >&5
configure:4979: /usr/bin/nm -B "conftest.o"
configure:4982: output
0000000000000264 S _some_variable
configure:4989: result: BSD nm
configure:4992: checking whether ln -s works
configure:4996: result: yes
configure:5004: checking the maximum length of command line arguments
configure:5135: result: 786432
configure:5183: checking how to convert x86_64-apple-darwin22.3.0 file names to x86_64-apple-darwin22.3.0 format
configure:5223: result: func_convert_file_noop
configure:5230: checking how to convert x86_64-apple-darwin22.3.0 file names to toolchain format
configure:5250: result: func_convert_file_noop
configure:5257: checking for /Applications/Xcode.app/Contents/Developer/Toolchains/XcodeDefault.xctoolchain/usr/bin/ld option to reload object files
configure:5264: result: -r
configure:5338: checking for objdump
configure:5354: found /usr/bin/objdump
configure:5365: result: objdump
configure:5397: checking how to recognize dependent libraries
configure:5597: result: pass_all
configure:5682: checking for dlltool
configure:5712: result: no
configure:5742: checking how to associate runtime and link libraries
configure:5769: result: printf %s\n
configure:5830: checking for ar
configure:5846: found /Users/nikita/opt/anaconda3/bin/ar
configure:5857: result: ar
configure:5894: checking for archiver @FILE support
configure:5911: gcc -c -g -O2  conftest.c >&5
configure:5911: $? = 0
configure:5914: ar cru libconftest.a @conftest.lst >&5
ar: @conftest.lst: No such file or directory
configure:5917: $? = 1
configure:5937: result: no
configure:5995: checking for strip
configure:6011: found /Users/nikita/opt/anaconda3/bin/strip
configure:6022: result: strip
configure:6094: checking for ranlib
configure:6110: found /Users/nikita/opt/anaconda3/bin/ranlib
configure:6121: result: ranlib
configure:6223: checking command to parse /usr/bin/nm -B output from gcc object
configure:6376: gcc -c -g -O2  conftest.c >&5
configure:6379: $? = 0
configure:6383: /usr/bin/nm -B conftest.o \| sed -n -e 's/^.*[ ]\([BCDEGRST][BCDEGRST]*\)[ ][ ]*\([_A-Za-z][_A-Za-z0-9]*\)$/\1 \2 \2/p' | sed '/ __gnu_lto/d' \> conftest.nm
configure:6386: $? = 0
cannot find nm_test_var in conftest.nm
configure:6376: gcc -c -g -O2  conftest.c >&5
configure:6379: $? = 0
configure:6383: /usr/bin/nm -B conftest.o \| sed -n -e 's/^.*[ ]\([BCDEGRST][BCDEGRST]*\)[ ][ ]*_\([_A-Za-z][_A-Za-z0-9]*\)$/\1 _\2 \2/p' | sed '/ __gnu_lto/d' \> conftest.nm
configure:6386: $? = 0
configure:6452: gcc -o conftest -g -O2   conftest.c conftstm.o >&5
warning: (x86_64)  could not find object file symbol for symbol _main
configure:6455: $? = 0
configure:6493: result: ok
configure:6540: checking for sysroot
configure:6570: result: no
configure:6577: checking for a working dd
configure:6615: result: /bin/dd
configure:6619: checking how to truncate binary pipes
configure:6634: result: /bin/dd bs=4096 count=1
configure:6963: checking for mt
configure:6993: result: no
configure:7013: checking if : is a manifest tool
configure:7019: : '-?'
configure:7027: result: no
configure:7083: checking for dsymutil
configure:7099: found /usr/bin/dsymutil
configure:7110: result: dsymutil
configure:7175: checking for nmedit
configure:7191: found /Users/nikita/opt/anaconda3/bin/nmedit
configure:7202: result: nmedit
configure:7267: checking for lipo
configure:7283: found /Users/nikita/opt/anaconda3/bin/lipo
configure:7294: result: lipo
configure:7359: checking for otool
configure:7375: found /Users/nikita/opt/anaconda3/bin/otool
configure:7386: result: otool
configure:7451: checking for otool64
configure:7481: result: no
configure:7526: checking for -single_module linker flag
gcc -g -O2  -o libconftest.dylib -dynamiclib -Wl,-single_module conftest.c
configure:7559: result: yes
configure:7562: checking for -exported_symbols_list linker flag
configure:7582: gcc -o conftest -g -O2   -Wl,-exported_symbols_list,conftest.sym conftest.c  >&5
configure:7582: $? = 0
configure:7592: result: yes
configure:7595: checking for -force_load linker flag
gcc -g -O2 -c -o conftest.o conftest.c
ar cru libconftest.a conftest.o
ranlib libconftest.a
gcc -g -O2  -o conftest conftest.c -Wl,-force_load,./libconftest.a
configure:7627: result: yes
configure:7704: checking how to run the C preprocessor
configure:7735: gcc -E  conftest.c
configure:7735: $? = 0
configure:7749: gcc -E  conftest.c
conftest.c:11:10: fatal error: 'ac_nonexistent.h' file not found
#include <ac_nonexistent.h>
         ^~~~~~~~~~~~~~~~~~
1 error generated.
configure:7749: $? = 1
configure: failed program was:
| /* confdefs.h */
| #define PACKAGE_NAME "latte-integrale"
| #define PACKAGE_TARNAME "latte-integrale"
| #define PACKAGE_VERSION "1.7.4"
| #define PACKAGE_STRING "latte-integrale 1.7.4"
| #define PACKAGE_BUGREPORT ""
| #define PACKAGE_URL ""
| #define PACKAGE "latte-integrale"
| #define VERSION "1.7.4"
| /* end confdefs.h.  */
| #include <ac_nonexistent.h>
configure:7774: result: gcc -E
configure:7794: gcc -E  conftest.c
configure:7794: $? = 0
configure:7808: gcc -E  conftest.c
conftest.c:11:10: fatal error: 'ac_nonexistent.h' file not found
#include <ac_nonexistent.h>
         ^~~~~~~~~~~~~~~~~~
1 error generated.
configure:7808: $? = 1
configure: failed program was:
| /* confdefs.h */
| #define PACKAGE_NAME "latte-integrale"
| #define PACKAGE_TARNAME "latte-integrale"
| #define PACKAGE_VERSION "1.7.4"
| #define PACKAGE_STRING "latte-integrale 1.7.4"
| #define PACKAGE_BUGREPORT ""
| #define PACKAGE_URL ""
| #define PACKAGE "latte-integrale"
| #define VERSION "1.7.4"
| /* end confdefs.h.  */
| #include <ac_nonexistent.h>
configure:7837: checking for ANSI C header files
configure:7857: gcc -c -g -O2  conftest.c >&5
configure:7857: $? = 0
configure:7930: gcc -o conftest -g -O2   conftest.c  >&5
configure:7930: $? = 0
configure:7930: ./conftest
configure:7930: $? = 0
configure:7941: result: yes
configure:7954: checking for sys/types.h
configure:7954: gcc -c -g -O2  conftest.c >&5
configure:7954: $? = 0
configure:7954: result: yes
configure:7954: checking for sys/stat.h
configure:7954: gcc -c -g -O2  conftest.c >&5
configure:7954: $? = 0
configure:7954: result: yes
configure:7954: checking for stdlib.h
configure:7954: gcc -c -g -O2  conftest.c >&5
configure:7954: $? = 0
configure:7954: result: yes
configure:7954: checking for string.h
configure:7954: gcc -c -g -O2  conftest.c >&5
configure:7954: $? = 0
configure:7954: result: yes
configure:7954: checking for memory.h
configure:7954: gcc -c -g -O2  conftest.c >&5
configure:7954: $? = 0
configure:7954: result: yes
configure:7954: checking for strings.h
configure:7954: gcc -c -g -O2  conftest.c >&5
configure:7954: $? = 0
configure:7954: result: yes
configure:7954: checking for inttypes.h
configure:7954: gcc -c -g -O2  conftest.c >&5
configure:7954: $? = 0
configure:7954: result: yes
configure:7954: checking for stdint.h
configure:7954: gcc -c -g -O2  conftest.c >&5
configure:7954: $? = 0
configure:7954: result: yes
configure:7954: checking for unistd.h
configure:7954: gcc -c -g -O2  conftest.c >&5
configure:7954: $? = 0
configure:7954: result: yes
configure:7968: checking for dlfcn.h
configure:7968: gcc -c -g -O2  conftest.c >&5
configure:7968: $? = 0
configure:7968: result: yes
configure:8223: checking for objdir
configure:8238: result: .libs
configure:8502: checking if gcc supports -fno-rtti -fno-exceptions
configure:8520: gcc -c -g -O2  -fno-rtti -fno-exceptions conftest.c >&5
configure:8524: $? = 0
configure:8537: result: yes
configure:8895: checking for gcc option to produce PIC
configure:8902: result: -fno-common -DPIC
configure:8910: checking if gcc PIC flag -fno-common -DPIC works
configure:8928: gcc -c -g -O2  -fno-common -DPIC -DPIC conftest.c >&5
configure:8932: $? = 0
configure:8945: result: yes
configure:8974: checking if gcc static flag -static works
configure:9002: result: no
configure:9017: checking if gcc supports -c -o file.o
configure:9038: gcc -c -g -O2  -o out/conftest2.o conftest.c >&5
configure:9042: $? = 0
configure:9064: result: yes
configure:9072: checking if gcc supports -c -o file.o
configure:9119: result: yes
configure:9152: checking whether the gcc linker (/Applications/Xcode.app/Contents/Developer/Toolchains/XcodeDefault.xctoolchain/usr/bin/ld) supports shared libraries
configure:10411: result: yes
configure:10651: checking dynamic linker characteristics
configure:11469: result: darwin22.3.0 dyld
configure:11591: checking how to hardcode library paths into programs
configure:11616: result: immediate
configure:12164: checking whether stripping libraries is possible
configure:12178: result: yes
configure:12204: checking if libtool supports shared libraries
configure:12206: result: yes
configure:12209: checking whether to build shared libraries
configure:12234: result: no
configure:12237: checking whether to build static libraries
configure:12241: result: yes
configure:12337: checking for gcc
configure:12364: result: gcc
configure:12593: checking for C compiler version
configure:12602: gcc --version >&5
Apple clang version 12.0.0 (clang-1200.0.32.21)
Target: x86_64-apple-darwin22.3.0
Thread model: posix
InstalledDir: /Applications/Xcode.app/Contents/Developer/Toolchains/XcodeDefault.xctoolchain/usr/bin
Configured with: --prefix=/Applications/Xcode.app/Contents/Developer/usr --with-gxx-include-dir=/Applications/Xcode.app/Contents/Developer/Platforms/MacOSX.platform/Developer/SDKs/MacOSX.sdk/usr/include/c++/4.2.1
configure:12613: $? = 0
configure:12602: gcc -v >&5
Configured with: --prefix=/Applications/Xcode.app/Contents/Developer/usr --with-gxx-include-dir=/Applications/Xcode.app/Contents/Developer/Platforms/MacOSX.platform/Developer/SDKs/MacOSX.sdk/usr/include/c++/4.2.1
Apple clang version 12.0.0 (clang-1200.0.32.21)
Target: x86_64-apple-darwin22.3.0
Thread model: posix
InstalledDir: /Applications/Xcode.app/Contents/Developer/Toolchains/XcodeDefault.xctoolchain/usr/bin
configure:12613: $? = 0
configure:12602: gcc -V >&5
clang: error: argument to '-V' is missing (expected 1 value)
clang: error: no input files
configure:12613: $? = 1
configure:12602: gcc -qversion >&5
clang: error: unknown argument '-qversion'; did you mean '--version'?
clang: error: no input files
configure:12613: $? = 1
configure:12617: checking whether we are using the GNU C compiler
configure:12645: result: yes
configure:12654: checking whether gcc accepts -g
configure:12715: result: yes
configure:12732: checking for gcc option to accept ISO C89
configure:12808: result: none needed
configure:12833: checking whether gcc understands -c and -o together
configure:12870: result: yes
configure:12889: checking dependency style of gcc
configure:13000: result: none
configure:13073: checking for g++
configure:13089: found /usr/bin/g++
configure:13100: result: g++
configure:13127: checking for C++ compiler version
configure:13136: g++ --version >&5
Apple clang version 12.0.0 (clang-1200.0.32.21)
Target: x86_64-apple-darwin22.3.0
Thread model: posix
InstalledDir: /Applications/Xcode.app/Contents/Developer/Toolchains/XcodeDefault.xctoolchain/usr/bin
Configured with: --prefix=/Applications/Xcode.app/Contents/Developer/usr --with-gxx-include-dir=/Applications/Xcode.app/Contents/Developer/Platforms/MacOSX.platform/Developer/SDKs/MacOSX.sdk/usr/include/c++/4.2.1
configure:13147: $? = 0
configure:13136: g++ -v >&5
Configured with: --prefix=/Applications/Xcode.app/Contents/Developer/usr --with-gxx-include-dir=/Applications/Xcode.app/Contents/Developer/Platforms/MacOSX.platform/Developer/SDKs/MacOSX.sdk/usr/include/c++/4.2.1
Apple clang version 12.0.0 (clang-1200.0.32.21)
Target: x86_64-apple-darwin22.3.0
Thread model: posix
InstalledDir: /Applications/Xcode.app/Contents/Developer/Toolchains/XcodeDefault.xctoolchain/usr/bin
configure:13147: $? = 0
configure:13136: g++ -V >&5
clang: error: argument to '-V' is missing (expected 1 value)
clang: error: no input files
configure:13147: $? = 1
configure:13136: g++ -qversion >&5
clang: error: unknown argument '-qversion'; did you mean '--version'?
clang: error: no input files
configure:13147: $? = 1
configure:13151: checking whether we are using the GNU C++ compiler
configure:13170: g++ -c   conftest.cpp >&5
configure:13170: $? = 0
configure:13179: result: yes
configure:13188: checking whether g++ accepts -g
configure:13208: g++ -c -g  conftest.cpp >&5
configure:13208: $? = 0
configure:13249: result: yes
configure:13274: checking dependency style of g++
configure:13385: result: none
configure:13418: checking how to run the C++ preprocessor
configure:13445: g++ -E  conftest.cpp
configure:13445: $? = 0
configure:13459: g++ -E  conftest.cpp
conftest.cpp:23:10: fatal error: 'ac_nonexistent.h' file not found
#include <ac_nonexistent.h>
         ^~~~~~~~~~~~~~~~~~
1 error generated.
configure:13459: $? = 1
configure: failed program was:
| /* confdefs.h */
| #define PACKAGE_NAME "latte-integrale"
| #define PACKAGE_TARNAME "latte-integrale"
| #define PACKAGE_VERSION "1.7.4"
| #define PACKAGE_STRING "latte-integrale 1.7.4"
| #define PACKAGE_BUGREPORT ""
| #define PACKAGE_URL ""
| #define PACKAGE "latte-integrale"
| #define VERSION "1.7.4"
| #define STDC_HEADERS 1
| #define HAVE_SYS_TYPES_H 1
| #define HAVE_SYS_STAT_H 1
| #define HAVE_STDLIB_H 1
| #define HAVE_STRING_H 1
| #define HAVE_MEMORY_H 1
| #define HAVE_STRINGS_H 1
| #define HAVE_INTTYPES_H 1
| #define HAVE_STDINT_H 1
| #define HAVE_UNISTD_H 1
| #define HAVE_DLFCN_H 1
| #define LT_OBJDIR ".libs/"
| /* end confdefs.h.  */
| #include <ac_nonexistent.h>
configure:13484: result: g++ -E
configure:13504: g++ -E  conftest.cpp
configure:13504: $? = 0
configure:13518: g++ -E  conftest.cpp
conftest.cpp:23:10: fatal error: 'ac_nonexistent.h' file not found
#include <ac_nonexistent.h>
         ^~~~~~~~~~~~~~~~~~
1 error generated.
configure:13518: $? = 1
configure: failed program was:
| /* confdefs.h */
| #define PACKAGE_NAME "latte-integrale"
| #define PACKAGE_TARNAME "latte-integrale"
| #define PACKAGE_VERSION "1.7.4"
| #define PACKAGE_STRING "latte-integrale 1.7.4"
| #define PACKAGE_BUGREPORT ""
| #define PACKAGE_URL ""
| #define PACKAGE "latte-integrale"
| #define VERSION "1.7.4"
| #define STDC_HEADERS 1
| #define HAVE_SYS_TYPES_H 1
| #define HAVE_SYS_STAT_H 1
| #define HAVE_STDLIB_H 1
| #define HAVE_STRING_H 1
| #define HAVE_MEMORY_H 1
| #define HAVE_STRINGS_H 1
| #define HAVE_INTTYPES_H 1
| #define HAVE_STDINT_H 1
| #define HAVE_UNISTD_H 1
| #define HAVE_DLFCN_H 1
| #define LT_OBJDIR ".libs/"
| /* end confdefs.h.  */
| #include <ac_nonexistent.h>
configure:13680: checking for ld used by g++
configure:13747: result: /Applications/Xcode.app/Contents/Developer/Toolchains/XcodeDefault.xctoolchain/usr/bin/ld
configure:13754: checking if the linker (/Applications/Xcode.app/Contents/Developer/Toolchains/XcodeDefault.xctoolchain/usr/bin/ld) is GNU ld
configure:13769: result: no
configure:13824: checking whether the g++ linker (/Applications/Xcode.app/Contents/Developer/Toolchains/XcodeDefault.xctoolchain/usr/bin/ld) supports shared libraries
configure:14897: result: yes
configure:14933: g++ -c -g -O2  conftest.cpp >&5
configure:14936: $? = 0
configure:15417: checking for g++ option to produce PIC
configure:15424: result: -fno-common -DPIC
configure:15432: checking if g++ PIC flag -fno-common -DPIC works
configure:15450: g++ -c -g -O2  -fno-common -DPIC -DPIC conftest.cpp >&5
configure:15454: $? = 0
configure:15467: result: yes
configure:15490: checking if g++ static flag -static works
configure:15518: result: no
configure:15530: checking if g++ supports -c -o file.o
configure:15551: g++ -c -g -O2  -o out/conftest2.o conftest.cpp >&5
configure:15555: $? = 0
configure:15577: result: yes
configure:15582: checking if g++ supports -c -o file.o
configure:15629: result: yes
configure:15659: checking whether the g++ linker (/Applications/Xcode.app/Contents/Developer/Toolchains/XcodeDefault.xctoolchain/usr/bin/ld) supports shared libraries
configure:15699: result: yes
configure:15840: checking dynamic linker characteristics
configure:16585: result: darwin22.3.0 dyld
configure:16650: checking how to hardcode library paths into programs
configure:16675: result: immediate
configure:16719: checking for gtar
configure:16749: result: no
configure:16719: checking for tar
configure:16735: found /usr/bin/tar
configure:16746: result: tar
configure:16761: checking for patch
configure:16777: found /Users/nikita/opt/anaconda3/bin/patch
configure:16788: result: patch
configure:16808: checking for C compiler vendor
configure:16832: gcc -c -g -O2  conftest.c >&5
conftest.c:29:7: error: use of undeclared identifier 'thisisanerror'
      thisisanerror;
      ^
1 error generated.
configure:16832: $? = 1
configure: failed program was:
| /* confdefs.h */
| #define PACKAGE_NAME "latte-integrale"
| #define PACKAGE_TARNAME "latte-integrale"
| #define PACKAGE_VERSION "1.7.4"
| #define PACKAGE_STRING "latte-integrale 1.7.4"
| #define PACKAGE_BUGREPORT ""
| #define PACKAGE_URL ""
| #define PACKAGE "latte-integrale"
| #define VERSION "1.7.4"
| #define STDC_HEADERS 1
| #define HAVE_SYS_TYPES_H 1
| #define HAVE_SYS_STAT_H 1
| #define HAVE_STDLIB_H 1
| #define HAVE_STRING_H 1
| #define HAVE_MEMORY_H 1
| #define HAVE_STRINGS_H 1
| #define HAVE_INTTYPES_H 1
| #define HAVE_STDINT_H 1
| #define HAVE_UNISTD_H 1
| #define HAVE_DLFCN_H 1
| #define LT_OBJDIR ".libs/"
| /* end confdefs.h.  */
| 
| int
| main ()
| {
| 
| #if !(defined(__ICC) || defined(__ECC) || defined(__INTEL_COMPILER))
|       thisisanerror;
| #endif
| 
|   ;
|   return 0;
| }
configure:16832: gcc -c -g -O2  conftest.c >&5
conftest.c:29:7: error: use of undeclared identifier 'thisisanerror'
      thisisanerror;
      ^
1 error generated.
configure:16832: $? = 1
configure: failed program was:
| /* confdefs.h */
| #define PACKAGE_NAME "latte-integrale"
| #define PACKAGE_TARNAME "latte-integrale"
| #define PACKAGE_VERSION "1.7.4"
| #define PACKAGE_STRING "latte-integrale 1.7.4"
| #define PACKAGE_BUGREPORT ""
| #define PACKAGE_URL ""
| #define PACKAGE "latte-integrale"
| #define VERSION "1.7.4"
| #define STDC_HEADERS 1
| #define HAVE_SYS_TYPES_H 1
| #define HAVE_SYS_STAT_H 1
| #define HAVE_STDLIB_H 1
| #define HAVE_STRING_H 1
| #define HAVE_MEMORY_H 1
| #define HAVE_STRINGS_H 1
| #define HAVE_INTTYPES_H 1
| #define HAVE_STDINT_H 1
| #define HAVE_UNISTD_H 1
| #define HAVE_DLFCN_H 1
| #define LT_OBJDIR ".libs/"
| /* end confdefs.h.  */
| 
| int
| main ()
| {
| 
| #if !(defined(__xlc__) || defined(__xlC__) || defined(__IBMC__) || defined(__IBMCPP__))
|       thisisanerror;
| #endif
| 
|   ;
|   return 0;
| }
configure:16832: gcc -c -g -O2  conftest.c >&5
configure:16832: $? = 0
configure:16839: result: gnu
configure:17651: checking for C++ compiler vendor
configure:17675: g++ -c -g -O2  conftest.cpp >&5
conftest.cpp:29:7: error: use of undeclared identifier 'thisisanerror'
      thisisanerror;
      ^
1 error generated.
configure:17675: $? = 1
configure: failed program was:
| /* confdefs.h */
| #define PACKAGE_NAME "latte-integrale"
| #define PACKAGE_TARNAME "latte-integrale"
| #define PACKAGE_VERSION "1.7.4"
| #define PACKAGE_STRING "latte-integrale 1.7.4"
| #define PACKAGE_BUGREPORT ""
| #define PACKAGE_URL ""
| #define PACKAGE "latte-integrale"
| #define VERSION "1.7.4"
| #define STDC_HEADERS 1
| #define HAVE_SYS_TYPES_H 1
| #define HAVE_SYS_STAT_H 1
| #define HAVE_STDLIB_H 1
| #define HAVE_STRING_H 1
| #define HAVE_MEMORY_H 1
| #define HAVE_STRINGS_H 1
| #define HAVE_INTTYPES_H 1
| #define HAVE_STDINT_H 1
| #define HAVE_UNISTD_H 1
| #define HAVE_DLFCN_H 1
| #define LT_OBJDIR ".libs/"
| /* end confdefs.h.  */
| 
| int
| main ()
| {
| 
| #if !(defined(__ICC) || defined(__ECC) || defined(__INTEL_COMPILER))
|       thisisanerror;
| #endif
| 
|   ;
|   return 0;
| }
configure:17675: g++ -c -g -O2  conftest.cpp >&5
conftest.cpp:29:7: error: use of undeclared identifier 'thisisanerror'
      thisisanerror;
      ^
1 error generated.
configure:17675: $? = 1
configure: failed program was:
| /* confdefs.h */
| #define PACKAGE_NAME "latte-integrale"
| #define PACKAGE_TARNAME "latte-integrale"
| #define PACKAGE_VERSION "1.7.4"
| #define PACKAGE_STRING "latte-integrale 1.7.4"
| #define PACKAGE_BUGREPORT ""
| #define PACKAGE_URL ""
| #define PACKAGE "latte-integrale"
| #define VERSION "1.7.4"
| #define STDC_HEADERS 1
| #define HAVE_SYS_TYPES_H 1
| #define HAVE_SYS_STAT_H 1
| #define HAVE_STDLIB_H 1
| #define HAVE_STRING_H 1
| #define HAVE_MEMORY_H 1
| #define HAVE_STRINGS_H 1
| #define HAVE_INTTYPES_H 1
| #define HAVE_STDINT_H 1
| #define HAVE_UNISTD_H 1
| #define HAVE_DLFCN_H 1
| #define LT_OBJDIR ".libs/"
| /* end confdefs.h.  */
| 
| int
| main ()
| {
| 
| #if !(defined(__xlc__) || defined(__xlC__) || defined(__IBMC__) || defined(__IBMCPP__))
|       thisisanerror;
| #endif
| 
|   ;
|   return 0;
| }
configure:17675: g++ -c -g -O2  conftest.cpp >&5
configure:17675: $? = 0
configure:17682: result: gnu
configure:18442: checking whether C++ compiler accepts -O3
configure:18457: g++ -c -O3  conftest.cpp >&5
configure:18457: $? = 0
configure:18465: result: yes
configure:18604: checking size of void *
configure:18609: g++ -o conftest -O3   conftest.cpp  >&5
configure:18609: $? = 0
configure:18609: ./conftest
configure:18609: $? = 0
configure:18623: result: 8
configure:18865: checking that generated files are newer than configure
configure:18871: result: done
configure:18922: creating ./config.status

## ---------------------- ##
## Running config.status. ##
## ---------------------- ##

This file was extended by latte-integrale config.status 1.7.4, which was
generated by GNU Autoconf 2.69.  Invocation command line was

  CONFIG_FILES    = 
  CONFIG_HEADERS  = 
  CONFIG_LINKS    = 
  CONFIG_COMMANDS = 
  $ ./config.status 

on MacBook-Pro-Nikita.local

config.status:1089: creating Makefile
config.status:1261: executing depfiles commands
config.status:1261: executing libtool commands

## ---------------- ##
## Cache variables. ##
## ---------------- ##

ac_cv_build=x86_64-apple-darwin22.3.0
ac_cv_c_compiler_gnu=yes
ac_cv_cxx_compiler_gnu=yes
ac_cv_env_CCC_set=
ac_cv_env_CCC_value=
ac_cv_env_CC_set=
ac_cv_env_CC_value=
ac_cv_env_CFLAGS_set=
ac_cv_env_CFLAGS_value=
ac_cv_env_CPPFLAGS_set=
ac_cv_env_CPPFLAGS_value=
ac_cv_env_CPP_set=
ac_cv_env_CPP_value=
ac_cv_env_CXXCPP_set=
ac_cv_env_CXXCPP_value=
ac_cv_env_CXXFLAGS_set=
ac_cv_env_CXXFLAGS_value=
ac_cv_env_CXX_set=
ac_cv_env_CXX_value=
ac_cv_env_LDFLAGS_set=
ac_cv_env_LDFLAGS_value=
ac_cv_env_LIBS_set=
ac_cv_env_LIBS_value=
ac_cv_env_LT_SYS_LIBRARY_PATH_set=
ac_cv_env_LT_SYS_LIBRARY_PATH_value=
ac_cv_env_build_alias_set=
ac_cv_env_build_alias_value=
ac_cv_env_host_alias_set=
ac_cv_env_host_alias_value=
ac_cv_env_target_alias_set=
ac_cv_env_target_alias_value=
ac_cv_header_dlfcn_h=yes
ac_cv_header_inttypes_h=yes
ac_cv_header_memory_h=yes
ac_cv_header_stdc=yes
ac_cv_header_stdint_h=yes
ac_cv_header_stdlib_h=yes
ac_cv_header_string_h=yes
ac_cv_header_strings_h=yes
ac_cv_header_sys_stat_h=yes
ac_cv_header_sys_types_h=yes
ac_cv_header_unistd_h=yes
ac_cv_host=x86_64-apple-darwin22.3.0
ac_cv_objext=o
ac_cv_path_EGREP='/usr/bin/grep -E'
ac_cv_path_FGREP='/usr/bin/grep -F'
ac_cv_path_GREP=/usr/bin/grep
ac_cv_path_SED=/usr/bin/sed
ac_cv_path_install='/usr/local/bin/ginstall -c'
ac_cv_path_lt_DD=/bin/dd
ac_cv_path_mkdir=/usr/local/bin/gmkdir
ac_cv_prog_AWK=awk
ac_cv_prog_CPP='gcc -E'
ac_cv_prog_CXXCPP='g++ -E'
ac_cv_prog_PATCH=patch
ac_cv_prog_TAR=tar
ac_cv_prog_ac_ct_AR=ar
ac_cv_prog_ac_ct_CC=gcc
ac_cv_prog_ac_ct_CXX=g++
ac_cv_prog_ac_ct_DSYMUTIL=dsymutil
ac_cv_prog_ac_ct_LIPO=lipo
ac_cv_prog_ac_ct_NMEDIT=nmedit
ac_cv_prog_ac_ct_OBJDUMP=objdump
ac_cv_prog_ac_ct_OTOOL=otool
ac_cv_prog_ac_ct_RANLIB=ranlib
ac_cv_prog_ac_ct_STRIP=strip
ac_cv_prog_cc_c89=
ac_cv_prog_cc_g=yes
ac_cv_prog_cxx_g=yes
ac_cv_prog_make_make_set=yes
ac_cv_sizeof_void_p=8
ac_cv_target=x86_64-apple-darwin22.3.0
am_cv_CC_dependencies_compiler_type=none
am_cv_CXX_dependencies_compiler_type=none
am_cv_make_support_nested_variables=yes
am_cv_prog_cc_c_o=yes
ax_cv_c_compiler_vendor=gnu
ax_cv_cxx_compiler_vendor=gnu
ax_cv_cxx_flags__O3=yes
lt_cv_apple_cc_single_mod=yes
lt_cv_ar_at_file=no
lt_cv_deplibs_check_method=pass_all
lt_cv_file_magic_cmd='$MAGIC_CMD'
lt_cv_file_magic_test_file=
lt_cv_ld_exported_symbols_list=yes
lt_cv_ld_force_load=yes
lt_cv_ld_reload_flag=-r
lt_cv_nm_interface='BSD nm'
lt_cv_objdir=.libs
lt_cv_path_LD=/Applications/Xcode.app/Contents/Developer/Toolchains/XcodeDefault.xctoolchain/usr/bin/ld
lt_cv_path_LDCXX=/Applications/Xcode.app/Contents/Developer/Toolchains/XcodeDefault.xctoolchain/usr/bin/ld
lt_cv_path_NM='/usr/bin/nm -B'
lt_cv_path_mainfest_tool=no
lt_cv_prog_compiler_c_o=yes
lt_cv_prog_compiler_c_o_CXX=yes
lt_cv_prog_compiler_pic='-fno-common -DPIC'
lt_cv_prog_compiler_pic_CXX='-fno-common -DPIC'
lt_cv_prog_compiler_pic_works=yes
lt_cv_prog_compiler_pic_works_CXX=yes
lt_cv_prog_compiler_rtti_exceptions=yes
lt_cv_prog_compiler_static_works=no
lt_cv_prog_compiler_static_works_CXX=no
lt_cv_prog_gnu_ld=no
lt_cv_prog_gnu_ldcxx=no
lt_cv_sharedlib_from_linklib_cmd='printf %s\n'
lt_cv_sys_global_symbol_pipe='sed -n -e '\''s/^.*[	 ]\([BCDEGRST][BCDEGRST]*\)[	 ][	 ]*_\([_A-Za-z][_A-Za-z0-9]*\)$/\1 _\2 \2/p'\'' | sed '\''/ __gnu_lto/d'\'''
lt_cv_sys_global_symbol_to_c_name_address='sed -n -e '\''s/^: \(.*\) .*$/  {"\1", (void *) 0},/p'\'' -e '\''s/^[BCDEGRST][BCDEGRST]* .* \(.*\)$/  {"\1", (void *) \&\1},/p'\'''
lt_cv_sys_global_symbol_to_c_name_address_lib_prefix='sed -n -e '\''s/^: \(.*\) .*$/  {"\1", (void *) 0},/p'\'' -e '\''s/^[BCDEGRST][BCDEGRST]* .* \(lib.*\)$/  {"\1", (void *) \&\1},/p'\'' -e '\''s/^[BCDEGRST][BCDEGRST]* .* \(.*\)$/  {"lib\1", (void *) \&\1},/p'\'''
lt_cv_sys_global_symbol_to_cdecl='sed -n -e '\''s/^T .* \(.*\)$/extern int \1();/p'\'' -e '\''s/^[BCDEGRST][BCDEGRST]* .* \(.*\)$/extern char \1;/p'\'''
lt_cv_sys_global_symbol_to_import=
lt_cv_sys_max_cmd_len=786432
lt_cv_to_host_file_cmd=func_convert_file_noop
lt_cv_to_tool_file_cmd=func_convert_file_noop
lt_cv_truncate_bin='/bin/dd bs=4096 count=1'

## ----------------- ##
## Output variables. ##
## ----------------- ##

ACLOCAL='${SHELL} /Users/nikita/Desktop/Diploma_Project/latte-integrale-1.7.4/missing aclocal-1.15'
AMDEPBACKSLASH='\'
AMDEP_FALSE='#'
AMDEP_TRUE=''
AMTAR='$${TAR-tar}'
AM_BACKSLASH='\'
AM_DEFAULT_V='$(AM_DEFAULT_VERBOSITY)'
AM_DEFAULT_VERBOSITY='1'
AM_V='$(V)'
AR='ar'
AUTOCONF='${SHELL} /Users/nikita/Desktop/Diploma_Project/latte-integrale-1.7.4/missing autoconf'
AUTOHEADER='${SHELL} /Users/nikita/Desktop/Diploma_Project/latte-integrale-1.7.4/missing autoheader'
AUTOMAKE='${SHELL} /Users/nikita/Desktop/Diploma_Project/latte-integrale-1.7.4/missing automake-1.15'
AWK='awk'
CC='gcc'
CCDEPMODE='depmode=none'
CFLAGS='-g -O2'
CPP='gcc -E'
CPPFLAGS=''
CXX='g++'
CXXCPP='g++ -E'
CXXDEPMODE='depmode=none'
CXXFLAGS='-O3'
CYGPATH_W='echo'
DEFS='-DPACKAGE_NAME=\"latte-integrale\" -DPACKAGE_TARNAME=\"latte-integrale\" -DPACKAGE_VERSION=\"1.7.4\" -DPACKAGE_STRING=\"latte-integrale\ 1.7.4\" -DPACKAGE_BUGREPORT=\"\" -DPACKAGE_URL=\"\" -DPACKAGE=\"latte-integrale\" -DVERSION=\"1.7.4\" -DSTDC_HEADERS=1 -DHAVE_SYS_TYPES_H=1 -DHAVE_SYS_STAT_H=1 -DHAVE_STDLIB_H=1 -DHAVE_STRING_H=1 -DHAVE_MEMORY_H=1 -DHAVE_STRINGS_H=1 -DHAVE_INTTYPES_H=1 -DHAVE_STDINT_H=1 -DHAVE_UNISTD_H=1 -DHAVE_DLFCN_H=1 -DLT_OBJDIR=\".libs/\" -DSIZEOF_VOID_P=8'
DEPDIR='.deps'
DLLTOOL='false'
DSYMUTIL='dsymutil'
DUMPBIN=''
ECHO_C='\c'
ECHO_N=''
ECHO_T=''
EGREP='/usr/bin/grep -E'
ENABLE_4TI2='yes'
ENABLE_4TI2_FALSE='#'
ENABLE_4TI2_TRUE=''
ENABLE_LATTE='yes'
ENABLE_LATTE_FALSE='#'
ENABLE_LATTE_FROM_SVN_FALSE=''
ENABLE_LATTE_FROM_SVN_TRUE='#'
ENABLE_LATTE_TRUE=''
ENABLE_LIDIA='yes'
ENABLE_LIDIA_FALSE='#'
ENABLE_LIDIA_TRUE=''
EXEEXT=''
FGREP='/usr/bin/grep -F'
GMP_CONFIGURE_OPTIONS=''
GREP='/usr/bin/grep'
INSTALL_DATA='${INSTALL} -m 644'
INSTALL_PROGRAM='${INSTALL}'
INSTALL_SCRIPT='${INSTALL}'
INSTALL_STRIP_PROGRAM='$(install_sh) -c -s'
LATTE_ENABLE_SHARED_FALSE=''
LATTE_ENABLE_SHARED_TRUE='#'
LATTE_SUB_CONFIGURE_ARGS='--disable-option-checking '\''--prefix=/Users/nikita/Desktop/Diploma_Project/latte-integrale-1.7.4/dest'\'' '
LATTE_SUB_CONFIGURE_ARGS_GMP='--disable-option-checking '\''--prefix=/Users/nikita/Desktop/Diploma_Project/latte-integrale-1.7.4/dest'\'' '
LD='/Applications/Xcode.app/Contents/Developer/Toolchains/XcodeDefault.xctoolchain/usr/bin/ld'
LDFLAGS=''
LIBOBJS=''
LIBS=''
LIBTOOL='$(SHELL) $(top_builddir)/libtool'
LIPO='lipo'
LN_S='ln -s'
LTLIBOBJS=''
LT_SYS_LIBRARY_PATH=''
MAKEINFO='${SHELL} /Users/nikita/Desktop/Diploma_Project/latte-integrale-1.7.4/missing makeinfo'
MANIFEST_TOOL=':'
MKDIR_P='/usr/local/bin/gmkdir -p'
NM='/usr/bin/nm -B'
NMEDIT='nmedit'
OBJDUMP='objdump'
OBJEXT='o'
OTOOL64=':'
OTOOL='otool'
PACKAGE='latte-integrale'
PACKAGE_BUGREPORT=''
PACKAGE_NAME='latte-integrale'
PACKAGE_STRING='latte-integrale 1.7.4'
PACKAGE_TARNAME='latte-integrale'
PACKAGE_URL=''
PACKAGE_VERSION='1.7.4'
PATCH='patch'
PATH_SEPARATOR=':'
PRTDIAG=''
RANLIB='ranlib'
SED='/usr/bin/sed'
SET_MAKE=''
SHELL='/bin/sh'
STRIP='strip'
TAR='tar'
VERSION='1.7.4'
ac_ct_AR='ar'
ac_ct_CC='gcc'
ac_ct_CXX='g++'
ac_ct_DUMPBIN=''
am__EXEEXT_FALSE=''
am__EXEEXT_TRUE='#'
am__fastdepCC_FALSE=''
am__fastdepCC_TRUE='#'
am__fastdepCXX_FALSE=''
am__fastdepCXX_TRUE='#'
am__include='include'
am__isrc=''
am__leading_dot='.'
am__nodep='_no'
am__quote=''
am__tar='$${TAR-tar} chof - "$$tardir"'
am__untar='$${TAR-tar} xf -'
bindir='${exec_prefix}/bin'
build='x86_64-apple-darwin22.3.0'
build_alias=''
build_cpu='x86_64'
build_os='darwin22.3.0'
build_vendor='apple'
datadir='${datarootdir}'
datarootdir='${prefix}/share'
docdir='${datarootdir}/doc/${PACKAGE_TARNAME}'
dvidir='${docdir}'
exec_prefix='${prefix}'
host='x86_64-apple-darwin22.3.0'
host_alias=''
host_cpu='x86_64'
host_os='darwin22.3.0'
host_vendor='apple'
htmldir='${docdir}'
includedir='${prefix}/include'
infodir='${datarootdir}/info'
install_sh='${SHELL} /Users/nikita/Desktop/Diploma_Project/latte-integrale-1.7.4/install-sh'
libdir='${exec_prefix}/lib'
libexecdir='${exec_prefix}/libexec'
localedir='${datarootdir}/locale'
localstatedir='${prefix}/var'
mandir='${datarootdir}/man'
mkdir_p='$(MKDIR_P)'
oldincludedir='/usr/include'
pdfdir='${docdir}'
prefix='/Users/nikita/Desktop/Diploma_Project/latte-integrale-1.7.4/dest'
program_transform_name='s,x,x,'
psdir='${docdir}'
sbindir='${exec_prefix}/sbin'
sharedstatedir='${prefix}/com'
sysconfdir='${prefix}/etc'
target='x86_64-apple-darwin22.3.0'
target_alias=''
target_cpu='x86_64'
target_os='darwin22.3.0'
target_vendor='apple'

## ----------- ##
## confdefs.h. ##
## ----------- ##

/* confdefs.h */
#define PACKAGE_NAME "latte-integrale"
#define PACKAGE_TARNAME "latte-integrale"
#define PACKAGE_VERSION "1.7.4"
#define PACKAGE_STRING "latte-integrale 1.7.4"
#define PACKAGE_BUGREPORT ""
#define PACKAGE_URL ""
#define PACKAGE "latte-integrale"
#define VERSION "1.7.4"
#define STDC_HEADERS 1
#define HAVE_SYS_TYPES_H 1
#define HAVE_SYS_STAT_H 1
#define HAVE_STDLIB_H 1
#define HAVE_STRING_H 1
#define HAVE_MEMORY_H 1
#define HAVE_STRINGS_H 1
#define HAVE_INTTYPES_H 1
#define HAVE_STDINT_H 1
#define HAVE_UNISTD_H 1
#define HAVE_DLFCN_H 1
#define LT_OBJDIR ".libs/"
#define SIZEOF_VOID_P 8

configure: exit 0
